TpTrace Verbose: 0 : 46068, 1, 2024/01/08, 09:07:43.228, 16411792000079, vstest.console.dll, Version: 17.7.2-release-23423-01 Current process architecture: X64
TpTrace Verbose: 0 : 46068, 1, 2024/01/08, 09:07:43.229, 16411792010832, vstest.console.dll, Runtime location: C:\Program Files\dotnet\shared\Microsoft.NETCore.App\7.0.14
TpTrace Verbose: 0 : 46068, 1, 2024/01/08, 09:07:43.230, 16411792026646, vstest.console.dll, ArtifactProcessingPostProcessModeProcessorExecutor.Initialize: ArtifactProcessingMode.Collect
TpTrace Verbose: 0 : 46068, 1, 2024/01/08, 09:07:43.230, 16411792027417, vstest.console.dll, TestSessionCorrelationIdProcessorModeProcessorExecutor.Initialize: TestSessionCorrelationId '32684_cdde532f-1f91-4a20-953e-6ecf3fed08db'
TpTrace Information: 0 : 46068, 1, 2024/01/08, 09:07:43.235, 16411792076646, vstest.console.dll, FilePatternParser: The given file C:\Users\CGardiner\Documents\Data_Structures_And_Algorithms_Proof\AlgoWorld\AlgoWorld\AlgoWorldTestProject\bin\Debug\fine-code-coverage-net6.0\AlgoWorldTestProject.dll is a full path.
TpTrace Verbose: 0 : 46068, 1, 2024/01/08, 09:07:43.239, 16411792109680, vstest.console.dll, TestPluginCache.DiscoverTestExtensions: finding test extensions in assemblies ends with: RuntimeProvider.dll TPluginInfo: Microsoft.VisualStudio.TestPlatform.Common.ExtensionFramework.Utilities.TestRuntimePluginInformation TExtension: Microsoft.VisualStudio.TestPlatform.ObjectModel.Host.ITestRuntimeProvider
TpTrace Verbose: 0 : 46068, 1, 2024/01/08, 09:07:43.239, 16411792112170, vstest.console.dll, TestPluginCache.GetExtensionPaths: Filtered extension paths: 
TpTrace Verbose: 0 : 46068, 1, 2024/01/08, 09:07:43.239, 16411792112680, vstest.console.dll, TestPluginCache.GetExtensionPaths: Added default extension paths: C:\Program Files\dotnet\sdk\7.0.404\Extensions\Microsoft.Diagnostics.NETCore.Client.dll
C:\Program Files\dotnet\sdk\7.0.404\Extensions\Microsoft.TestPlatform.Extensions.BlameDataCollector.dll
C:\Program Files\dotnet\sdk\7.0.404\Extensions\Microsoft.TestPlatform.Extensions.EventLogCollector.dll
C:\Program Files\dotnet\sdk\7.0.404\Extensions\Microsoft.TestPlatform.TestHostRuntimeProvider.dll
C:\Program Files\dotnet\sdk\7.0.404\Extensions\Microsoft.VisualStudio.TestPlatform.Extensions.Html.TestLogger.dll
C:\Program Files\dotnet\sdk\7.0.404\Extensions\Microsoft.VisualStudio.TestPlatform.Extensions.Trx.TestLogger.dll
TpTrace Verbose: 0 : 46068, 1, 2024/01/08, 09:07:43.239, 16411792112834, vstest.console.dll, TestPluginCache.GetExtensionPaths: Added unfilterableExtensionPaths: 
TpTrace Information: 0 : 46068, 1, 2024/01/08, 09:07:43.239, 16411792116918, vstest.console.dll, AssemblyResolver.ctor: Creating AssemblyResolver with searchDirectories C:\Program Files\dotnet\sdk\7.0.404\Extensions,C:\Program Files\dotnet\sdk\7.0.404
TpTrace Verbose: 0 : 46068, 1, 2024/01/08, 09:07:43.240, 16411792125180, vstest.console.dll, TestPluginCache.DiscoverTestExtensions: Discovering the extensions using extension path.
TpTrace Verbose: 0 : 46068, 1, 2024/01/08, 09:07:43.240, 16411792126006, vstest.console.dll, TestPluginCache.GetExtensionPaths: Filtered extension paths: 
TpTrace Verbose: 0 : 46068, 1, 2024/01/08, 09:07:43.240, 16411792126251, vstest.console.dll, TestPluginCache.GetExtensionPaths: Added default extension paths: C:\Program Files\dotnet\sdk\7.0.404\Extensions\Microsoft.Diagnostics.NETCore.Client.dll
C:\Program Files\dotnet\sdk\7.0.404\Extensions\Microsoft.TestPlatform.Extensions.BlameDataCollector.dll
C:\Program Files\dotnet\sdk\7.0.404\Extensions\Microsoft.TestPlatform.Extensions.EventLogCollector.dll
C:\Program Files\dotnet\sdk\7.0.404\Extensions\Microsoft.TestPlatform.TestHostRuntimeProvider.dll
C:\Program Files\dotnet\sdk\7.0.404\Extensions\Microsoft.VisualStudio.TestPlatform.Extensions.Html.TestLogger.dll
C:\Program Files\dotnet\sdk\7.0.404\Extensions\Microsoft.VisualStudio.TestPlatform.Extensions.Trx.TestLogger.dll
TpTrace Verbose: 0 : 46068, 1, 2024/01/08, 09:07:43.240, 16411792126379, vstest.console.dll, TestPluginCache.GetExtensionPaths: Added unfilterableExtensionPaths: 
TpTrace Verbose: 0 : 46068, 1, 2024/01/08, 09:07:43.240, 16411792127293, vstest.console.dll, TestPluginCache.DiscoverTestExtensions: Discovering the extensions using allExtensionPaths: C:\Program Files\dotnet\sdk\7.0.404\Extensions\Microsoft.Diagnostics.NETCore.Client.dll
C:\Program Files\dotnet\sdk\7.0.404\Extensions\Microsoft.TestPlatform.Extensions.BlameDataCollector.dll
C:\Program Files\dotnet\sdk\7.0.404\Extensions\Microsoft.TestPlatform.Extensions.EventLogCollector.dll
C:\Program Files\dotnet\sdk\7.0.404\Extensions\Microsoft.TestPlatform.TestHostRuntimeProvider.dll
C:\Program Files\dotnet\sdk\7.0.404\Extensions\Microsoft.VisualStudio.TestPlatform.Extensions.Html.TestLogger.dll
C:\Program Files\dotnet\sdk\7.0.404\Extensions\Microsoft.VisualStudio.TestPlatform.Extensions.Trx.TestLogger.dll
TpTrace Information: 0 : 46068, 1, 2024/01/08, 09:07:43.240, 16411792127922, vstest.console.dll, AssemblyResolver.AddSearchDirectories: Adding more searchDirectories C:\Program Files\dotnet\sdk\7.0.404\Extensions,C:\Program Files\dotnet\sdk\7.0.404
TpTrace Information: 0 : 46068, 1, 2024/01/08, 09:07:43.240, 16411792128208, vstest.console.dll, AssemblyResolver.AddSearchDirectories: Adding more searchDirectories C:\Program Files\dotnet\sdk\7.0.404\Extensions,C:\Program Files\dotnet\sdk\7.0.404
TpTrace Information: 0 : 46068, 1, 2024/01/08, 09:07:43.240, 16411792128333, vstest.console.dll, AssemblyResolver.AddSearchDirectories: Adding more searchDirectories C:\Program Files\dotnet\sdk\7.0.404\Extensions,C:\Program Files\dotnet\sdk\7.0.404
TpTrace Information: 0 : 46068, 1, 2024/01/08, 09:07:43.240, 16411792128449, vstest.console.dll, AssemblyResolver.AddSearchDirectories: Adding more searchDirectories C:\Program Files\dotnet\sdk\7.0.404\Extensions,C:\Program Files\dotnet\sdk\7.0.404
TpTrace Information: 0 : 46068, 1, 2024/01/08, 09:07:43.240, 16411792128592, vstest.console.dll, AssemblyResolver.AddSearchDirectories: Adding more searchDirectories C:\Program Files\dotnet\sdk\7.0.404\Extensions,C:\Program Files\dotnet\sdk\7.0.404
TpTrace Information: 0 : 46068, 1, 2024/01/08, 09:07:43.240, 16411792128707, vstest.console.dll, AssemblyResolver.AddSearchDirectories: Adding more searchDirectories C:\Program Files\dotnet\sdk\7.0.404\Extensions,C:\Program Files\dotnet\sdk\7.0.404
TpTrace Information: 0 : 46068, 1, 2024/01/08, 09:07:43.241, 16411792131292, vstest.console.dll, AssemblyResolver.OnResolve: Microsoft.Diagnostics.NETCore.Client: Resolving assembly.
TpTrace Information: 0 : 46068, 1, 2024/01/08, 09:07:43.241, 16411792131706, vstest.console.dll, AssemblyResolver.OnResolve: Microsoft.Diagnostics.NETCore.Client: Searching in: 'C:\Program Files\dotnet\sdk\7.0.404\Extensions'.
TpTrace Information: 0 : 46068, 1, 2024/01/08, 09:07:43.245, 16411792176627, vstest.console.dll, AssemblyResolver.OnResolve: Microsoft.Diagnostics.NETCore.Client: Loading assembly 'C:\Program Files\dotnet\sdk\7.0.404\Extensions\Microsoft.Diagnostics.NETCore.Client.dll'.
TpTrace Information: 0 : 46068, 1, 2024/01/08, 09:07:43.246, 16411792180386, vstest.console.dll, AssemblyResolver.OnResolve: Resolved assembly: Microsoft.Diagnostics.NETCore.Client, from path: C:\Program Files\dotnet\sdk\7.0.404\Extensions\Microsoft.Diagnostics.NETCore.Client.dll
TpTrace Verbose: 0 : 46068, 1, 2024/01/08, 09:07:43.246, 16411792187686, vstest.console.dll, MetadataReaderExtensionsHelper: Discovering extensions inside assembly 'Microsoft.Diagnostics.NETCore.Client, Version=0.2.8.21101, Culture=neutral, PublicKeyToken=31bf3856ad364e35' file path 'C:\Program Files\dotnet\sdk\7.0.404\Extensions\Microsoft.Diagnostics.NETCore.Client.dll'
TpTrace Information: 0 : 46068, 1, 2024/01/08, 09:07:43.249, 16411792211847, vstest.console.dll, AssemblyResolver.OnResolve: Microsoft.Bcl.AsyncInterfaces: Resolving assembly.
TpTrace Information: 0 : 46068, 1, 2024/01/08, 09:07:43.249, 16411792212289, vstest.console.dll, AssemblyResolver.OnResolve: Microsoft.Bcl.AsyncInterfaces: Searching in: 'C:\Program Files\dotnet\sdk\7.0.404\Extensions'.
TpTrace Information: 0 : 46068, 1, 2024/01/08, 09:07:43.249, 16411792212805, vstest.console.dll, AssemblyResolver.OnResolve: Microsoft.Bcl.AsyncInterfaces: Assembly path does not exist: 'C:\Program Files\dotnet\sdk\7.0.404\Extensions\Microsoft.Bcl.AsyncInterfaces.dll', returning.
TpTrace Information: 0 : 46068, 1, 2024/01/08, 09:07:43.249, 16411792213462, vstest.console.dll, AssemblyResolver.OnResolve: Microsoft.Bcl.AsyncInterfaces: Assembly path does not exist: 'C:\Program Files\dotnet\sdk\7.0.404\Extensions\Microsoft.Bcl.AsyncInterfaces.exe', returning.
TpTrace Information: 0 : 46068, 1, 2024/01/08, 09:07:43.249, 16411792213598, vstest.console.dll, AssemblyResolver.OnResolve: Microsoft.Bcl.AsyncInterfaces: Searching in: 'C:\Program Files\dotnet\sdk\7.0.404'.
TpTrace Information: 0 : 46068, 1, 2024/01/08, 09:07:43.249, 16411792213913, vstest.console.dll, AssemblyResolver.OnResolve: Microsoft.Bcl.AsyncInterfaces: Assembly path does not exist: 'C:\Program Files\dotnet\sdk\7.0.404\Microsoft.Bcl.AsyncInterfaces.dll', returning.
TpTrace Information: 0 : 46068, 1, 2024/01/08, 09:07:43.249, 16411792214151, vstest.console.dll, AssemblyResolver.OnResolve: Microsoft.Bcl.AsyncInterfaces: Assembly path does not exist: 'C:\Program Files\dotnet\sdk\7.0.404\Microsoft.Bcl.AsyncInterfaces.exe', returning.
TpTrace Information: 0 : 46068, 1, 2024/01/08, 09:07:43.249, 16411792214286, vstest.console.dll, AssemblyResolver.OnResolve: Microsoft.Bcl.AsyncInterfaces: Failed to load assembly.
TpTrace Verbose: 0 : 46068, 1, 2024/01/08, 09:07:43.249, 16411792214455, vstest.console.dll, CurrentDomainAssemblyResolve: Resolving assembly 'Microsoft.Bcl.AsyncInterfaces'.
TpTrace Information: 0 : 46068, 1, 2024/01/08, 09:07:43.249, 16411792214777, vstest.console.dll, AssemblyResolver.OnResolve: Microsoft.Bcl.AsyncInterfaces: Resolving assembly.
TpTrace Information: 0 : 46068, 1, 2024/01/08, 09:07:43.249, 16411792214932, vstest.console.dll, AssemblyResolver.OnResolve: Microsoft.Bcl.AsyncInterfaces: Resolved from cache.
TpTrace Verbose: 0 : 46068, 1, 2024/01/08, 09:07:43.249, 16411792215043, vstest.console.dll, CurrentDomainAssemblyResolve: Resolving assembly 'Microsoft.Bcl.AsyncInterfaces'.
TpTrace Verbose: 0 : 46068, 1, 2024/01/08, 09:07:43.249, 16411792215229, vstest.console.dll, CurrentDomainAssemblyResolve: Failed to resolve assembly 'Microsoft.Bcl.AsyncInterfaces'.
TpTrace Verbose: 0 : 46068, 1, 2024/01/08, 09:07:43.250, 16411792222873, vstest.console.dll, CurrentDomainAssemblyResolve: Failed to resolve assembly 'Microsoft.Bcl.AsyncInterfaces'.
TpTrace Warning: 0 : 46068, 1, 2024/01/08, 09:07:43.256, 16411792284906, vstest.console.dll, TestPluginDiscoverer: Failed to get types from assembly 'Microsoft.Diagnostics.NETCore.Client, Version=0.2.8.21101, Culture=neutral, PublicKeyToken=31bf3856ad364e35'. Error: System.Reflection.ReflectionTypeLoadException: Unable to load one or more of the requested types.
Could not load file or assembly 'Microsoft.Bcl.AsyncInterfaces, Version=1.0.0.0, Culture=neutral, PublicKeyToken=cc7b13ffcd2ddd51'. The system cannot find the file specified.
   at System.Reflection.RuntimeModule.GetTypes(RuntimeModule module)
   at System.Reflection.Assembly.GetTypes()
   at Microsoft.VisualStudio.TestPlatform.Common.ExtensionFramework.TestPluginDiscoverer.GetTestExtensionsFromAssembly[TPluginInfo,TExtension](Assembly assembly, Dictionary`2 pluginInfos, String filePath) in /_/src/Microsoft.TestPlatform.Common/ExtensionFramework/TestPluginDiscoverer.cs:line 158
System.IO.FileNotFoundException: Could not load file or assembly 'Microsoft.Bcl.AsyncInterfaces, Version=1.0.0.0, Culture=neutral, PublicKeyToken=cc7b13ffcd2ddd51'. The system cannot find the file specified.
File name: 'Microsoft.Bcl.AsyncInterfaces, Version=1.0.0.0, Culture=neutral, PublicKeyToken=cc7b13ffcd2ddd51'
 ---> System.IO.FileNotFoundException: Could not load file or assembly 'Microsoft.Bcl.AsyncInterfaces, Culture=neutral, PublicKeyToken=null'. The system cannot find the file specified.
File name: 'Microsoft.Bcl.AsyncInterfaces, Culture=neutral, PublicKeyToken=null'
   at System.Reflection.RuntimeAssembly.InternalLoad(AssemblyName assemblyName, StackCrawlMark& stackMark, AssemblyLoadContext assemblyLoadContext, RuntimeAssembly requestingAssembly, Boolean throwOnFileNotFound)
   at System.Reflection.Assembly.Load(AssemblyName assemblyRef)
   at Microsoft.VisualStudio.TestPlatform.Common.ExtensionFramework.TestPluginCache.CurrentDomainAssemblyResolve(Object sender, AssemblyResolveEventArgs args) in /_/src/Microsoft.TestPlatform.Common/ExtensionFramework/TestPluginCache.cs:line 513
   at System.Runtime.Loader.AssemblyLoadContext.GetFirstResolvedAssemblyFromResolvingEvent(AssemblyName assemblyName)
   at System.Runtime.Loader.AssemblyLoadContext.ResolveUsingEvent(AssemblyName assemblyName)
   at System.Runtime.Loader.AssemblyLoadContext.ResolveUsingResolvingEvent(IntPtr gchManagedAssemblyLoadContext, AssemblyName assemblyName)
TpTrace Warning: 0 : 46068, 1, 2024/01/08, 09:07:43.256, 16411792287689, vstest.console.dll, LoaderExceptions: System.IO.FileNotFoundException: Could not load file or assembly 'Microsoft.Bcl.AsyncInterfaces, Version=1.0.0.0, Culture=neutral, PublicKeyToken=cc7b13ffcd2ddd51'. The system cannot find the file specified.
File name: 'Microsoft.Bcl.AsyncInterfaces, Version=1.0.0.0, Culture=neutral, PublicKeyToken=cc7b13ffcd2ddd51'
 ---> System.IO.FileNotFoundException: Could not load file or assembly 'Microsoft.Bcl.AsyncInterfaces, Culture=neutral, PublicKeyToken=null'. The system cannot find the file specified.
File name: 'Microsoft.Bcl.AsyncInterfaces, Culture=neutral, PublicKeyToken=null'
   at System.Reflection.RuntimeAssembly.InternalLoad(AssemblyName assemblyName, StackCrawlMark& stackMark, AssemblyLoadContext assemblyLoadContext, RuntimeAssembly requestingAssembly, Boolean throwOnFileNotFound)
   at System.Reflection.Assembly.Load(AssemblyName assemblyRef)
   at Microsoft.VisualStudio.TestPlatform.Common.ExtensionFramework.TestPluginCache.CurrentDomainAssemblyResolve(Object sender, AssemblyResolveEventArgs args) in /_/src/Microsoft.TestPlatform.Common/ExtensionFramework/TestPluginCache.cs:line 513
   at System.Runtime.Loader.AssemblyLoadContext.GetFirstResolvedAssemblyFromResolvingEvent(AssemblyName assemblyName)
   at System.Runtime.Loader.AssemblyLoadContext.ResolveUsingEvent(AssemblyName assemblyName)
   at System.Runtime.Loader.AssemblyLoadContext.ResolveUsingResolvingEvent(IntPtr gchManagedAssemblyLoadContext, AssemblyName assemblyName)
TpTrace Information: 0 : 46068, 1, 2024/01/08, 09:07:43.257, 16411792288767, vstest.console.dll, AssemblyResolver.OnResolve: Microsoft.TestPlatform.Extensions.BlameDataCollector: Resolving assembly.
TpTrace Information: 0 : 46068, 1, 2024/01/08, 09:07:43.257, 16411792288993, vstest.console.dll, AssemblyResolver.OnResolve: Microsoft.TestPlatform.Extensions.BlameDataCollector: Searching in: 'C:\Program Files\dotnet\sdk\7.0.404\Extensions'.
TpTrace Information: 0 : 46068, 1, 2024/01/08, 09:07:43.257, 16411792291345, vstest.console.dll, AssemblyResolver.OnResolve: Microsoft.TestPlatform.Extensions.BlameDataCollector: Loading assembly 'C:\Program Files\dotnet\sdk\7.0.404\Extensions\Microsoft.TestPlatform.Extensions.BlameDataCollector.dll'.
TpTrace Information: 0 : 46068, 1, 2024/01/08, 09:07:43.257, 16411792294605, vstest.console.dll, AssemblyResolver.OnResolve: Resolved assembly: Microsoft.TestPlatform.Extensions.BlameDataCollector, from path: C:\Program Files\dotnet\sdk\7.0.404\Extensions\Microsoft.TestPlatform.Extensions.BlameDataCollector.dll
TpTrace Verbose: 0 : 46068, 1, 2024/01/08, 09:07:43.257, 16411792295203, vstest.console.dll, MetadataReaderExtensionsHelper: Discovering extensions inside assembly 'Microsoft.TestPlatform.Extensions.BlameDataCollector, Version=15.0.0.0, Culture=neutral, PublicKeyToken=b03f5f7f11d50a3a' file path 'C:\Program Files\dotnet\sdk\7.0.404\Extensions\Microsoft.TestPlatform.Extensions.BlameDataCollector.dll'
TpTrace Information: 0 : 46068, 1, 2024/01/08, 09:07:43.258, 16411792304228, vstest.console.dll, AssemblyResolver.OnResolve: Microsoft.TestPlatform.Extensions.EventLogCollector: Resolving assembly.
TpTrace Information: 0 : 46068, 1, 2024/01/08, 09:07:43.258, 16411792305070, vstest.console.dll, AssemblyResolver.OnResolve: Microsoft.TestPlatform.Extensions.EventLogCollector: Searching in: 'C:\Program Files\dotnet\sdk\7.0.404\Extensions'.
TpTrace Information: 0 : 46068, 1, 2024/01/08, 09:07:43.258, 16411792306789, vstest.console.dll, AssemblyResolver.OnResolve: Microsoft.TestPlatform.Extensions.EventLogCollector: Loading assembly 'C:\Program Files\dotnet\sdk\7.0.404\Extensions\Microsoft.TestPlatform.Extensions.EventLogCollector.dll'.
TpTrace Information: 0 : 46068, 1, 2024/01/08, 09:07:43.259, 16411792309141, vstest.console.dll, AssemblyResolver.OnResolve: Resolved assembly: Microsoft.TestPlatform.Extensions.EventLogCollector, from path: C:\Program Files\dotnet\sdk\7.0.404\Extensions\Microsoft.TestPlatform.Extensions.EventLogCollector.dll
TpTrace Verbose: 0 : 46068, 1, 2024/01/08, 09:07:43.259, 16411792309513, vstest.console.dll, MetadataReaderExtensionsHelper: Discovering extensions inside assembly 'Microsoft.TestPlatform.Extensions.EventLogCollector, Version=15.0.0.0, Culture=neutral, PublicKeyToken=b03f5f7f11d50a3a' file path 'C:\Program Files\dotnet\sdk\7.0.404\Extensions\Microsoft.TestPlatform.Extensions.EventLogCollector.dll'
TpTrace Information: 0 : 46068, 1, 2024/01/08, 09:07:43.260, 16411792320912, vstest.console.dll, AssemblyResolver.OnResolve: Microsoft.TestPlatform.TestHostRuntimeProvider: Resolving assembly.
TpTrace Information: 0 : 46068, 1, 2024/01/08, 09:07:43.260, 16411792321369, vstest.console.dll, AssemblyResolver.OnResolve: Microsoft.TestPlatform.TestHostRuntimeProvider: Searching in: 'C:\Program Files\dotnet\sdk\7.0.404\Extensions'.
TpTrace Information: 0 : 46068, 1, 2024/01/08, 09:07:43.260, 16411792323073, vstest.console.dll, AssemblyResolver.OnResolve: Microsoft.TestPlatform.TestHostRuntimeProvider: Loading assembly 'C:\Program Files\dotnet\sdk\7.0.404\Extensions\Microsoft.TestPlatform.TestHostRuntimeProvider.dll'.
TpTrace Information: 0 : 46068, 1, 2024/01/08, 09:07:43.260, 16411792325526, vstest.console.dll, AssemblyResolver.OnResolve: Resolved assembly: Microsoft.TestPlatform.TestHostRuntimeProvider, from path: C:\Program Files\dotnet\sdk\7.0.404\Extensions\Microsoft.TestPlatform.TestHostRuntimeProvider.dll
TpTrace Verbose: 0 : 46068, 1, 2024/01/08, 09:07:43.260, 16411792325897, vstest.console.dll, MetadataReaderExtensionsHelper: Discovering extensions inside assembly 'Microsoft.TestPlatform.TestHostRuntimeProvider, Version=15.0.0.0, Culture=neutral, PublicKeyToken=b03f5f7f11d50a3a' file path 'C:\Program Files\dotnet\sdk\7.0.404\Extensions\Microsoft.TestPlatform.TestHostRuntimeProvider.dll'
TpTrace Information: 0 : 46068, 1, 2024/01/08, 09:07:43.261, 16411792336063, vstest.console.dll, GetTestExtensionFromType: Register extension with identifier data 'HostProvider://DefaultTestHost' and type 'Microsoft.VisualStudio.TestPlatform.CrossPlatEngine.Hosting.DefaultTestHostManager, Microsoft.TestPlatform.TestHostRuntimeProvider, Version=15.0.0.0, Culture=neutral, PublicKeyToken=b03f5f7f11d50a3a' inside file 'C:\Program Files\dotnet\sdk\7.0.404\Extensions\Microsoft.TestPlatform.TestHostRuntimeProvider.dll'
TpTrace Information: 0 : 46068, 1, 2024/01/08, 09:07:43.261, 16411792337701, vstest.console.dll, GetTestExtensionFromType: Register extension with identifier data 'HostProvider://DotnetTestHost' and type 'Microsoft.VisualStudio.TestPlatform.CrossPlatEngine.Hosting.DotnetTestHostManager, Microsoft.TestPlatform.TestHostRuntimeProvider, Version=15.0.0.0, Culture=neutral, PublicKeyToken=b03f5f7f11d50a3a' inside file 'C:\Program Files\dotnet\sdk\7.0.404\Extensions\Microsoft.TestPlatform.TestHostRuntimeProvider.dll'
TpTrace Information: 0 : 46068, 1, 2024/01/08, 09:07:43.261, 16411792338168, vstest.console.dll, AssemblyResolver.OnResolve: Microsoft.VisualStudio.TestPlatform.Extensions.Html.TestLogger: Resolving assembly.
TpTrace Information: 0 : 46068, 1, 2024/01/08, 09:07:43.261, 16411792338371, vstest.console.dll, AssemblyResolver.OnResolve: Microsoft.VisualStudio.TestPlatform.Extensions.Html.TestLogger: Searching in: 'C:\Program Files\dotnet\sdk\7.0.404\Extensions'.
TpTrace Information: 0 : 46068, 1, 2024/01/08, 09:07:43.262, 16411792340237, vstest.console.dll, AssemblyResolver.OnResolve: Microsoft.VisualStudio.TestPlatform.Extensions.Html.TestLogger: Loading assembly 'C:\Program Files\dotnet\sdk\7.0.404\Extensions\Microsoft.VisualStudio.TestPlatform.Extensions.Html.TestLogger.dll'.
TpTrace Information: 0 : 46068, 1, 2024/01/08, 09:07:43.262, 16411792342846, vstest.console.dll, AssemblyResolver.OnResolve: Resolved assembly: Microsoft.VisualStudio.TestPlatform.Extensions.Html.TestLogger, from path: C:\Program Files\dotnet\sdk\7.0.404\Extensions\Microsoft.VisualStudio.TestPlatform.Extensions.Html.TestLogger.dll
TpTrace Verbose: 0 : 46068, 1, 2024/01/08, 09:07:43.262, 16411792343223, vstest.console.dll, MetadataReaderExtensionsHelper: Discovering extensions inside assembly 'Microsoft.VisualStudio.TestPlatform.Extensions.Html.TestLogger, Version=15.0.0.0, Culture=neutral, PublicKeyToken=b03f5f7f11d50a3a' file path 'C:\Program Files\dotnet\sdk\7.0.404\Extensions\Microsoft.VisualStudio.TestPlatform.Extensions.Html.TestLogger.dll'
TpTrace Information: 0 : 46068, 1, 2024/01/08, 09:07:43.262, 16411792347705, vstest.console.dll, AssemblyResolver.OnResolve: Microsoft.VisualStudio.TestPlatform.Extensions.Trx.TestLogger: Resolving assembly.
TpTrace Information: 0 : 46068, 1, 2024/01/08, 09:07:43.262, 16411792348087, vstest.console.dll, AssemblyResolver.OnResolve: Microsoft.VisualStudio.TestPlatform.Extensions.Trx.TestLogger: Searching in: 'C:\Program Files\dotnet\sdk\7.0.404\Extensions'.
TpTrace Information: 0 : 46068, 1, 2024/01/08, 09:07:43.263, 16411792349806, vstest.console.dll, AssemblyResolver.OnResolve: Microsoft.VisualStudio.TestPlatform.Extensions.Trx.TestLogger: Loading assembly 'C:\Program Files\dotnet\sdk\7.0.404\Extensions\Microsoft.VisualStudio.TestPlatform.Extensions.Trx.TestLogger.dll'.
TpTrace Information: 0 : 46068, 1, 2024/01/08, 09:07:43.263, 16411792352737, vstest.console.dll, AssemblyResolver.OnResolve: Resolved assembly: Microsoft.VisualStudio.TestPlatform.Extensions.Trx.TestLogger, from path: C:\Program Files\dotnet\sdk\7.0.404\Extensions\Microsoft.VisualStudio.TestPlatform.Extensions.Trx.TestLogger.dll
TpTrace Verbose: 0 : 46068, 1, 2024/01/08, 09:07:43.263, 16411792353117, vstest.console.dll, MetadataReaderExtensionsHelper: Discovering extensions inside assembly 'Microsoft.VisualStudio.TestPlatform.Extensions.Trx.TestLogger, Version=15.0.0.0, Culture=neutral, PublicKeyToken=b03f5f7f11d50a3a' file path 'C:\Program Files\dotnet\sdk\7.0.404\Extensions\Microsoft.VisualStudio.TestPlatform.Extensions.Trx.TestLogger.dll'
TpTrace Verbose: 0 : 46068, 1, 2024/01/08, 09:07:43.264, 16411792359142, vstest.console.dll, TestPluginCache: Discovered the extensions using extension path ''.
TpTrace Verbose: 0 : 46068, 1, 2024/01/08, 09:07:43.264, 16411792359530, vstest.console.dll, TestPluginCache: Discoverers are ''.
TpTrace Verbose: 0 : 46068, 1, 2024/01/08, 09:07:43.264, 16411792359655, vstest.console.dll, TestPluginCache: Executors are ''.
TpTrace Verbose: 0 : 46068, 1, 2024/01/08, 09:07:43.264, 16411792359762, vstest.console.dll, TestPluginCache: Executors2 are ''.
TpTrace Verbose: 0 : 46068, 1, 2024/01/08, 09:07:43.264, 16411792359863, vstest.console.dll, TestPluginCache: Setting providers are ''.
TpTrace Verbose: 0 : 46068, 1, 2024/01/08, 09:07:43.264, 16411792359964, vstest.console.dll, TestPluginCache: Loggers are ''.
TpTrace Verbose: 0 : 46068, 1, 2024/01/08, 09:07:43.264, 16411792360394, vstest.console.dll, TestPluginCache: TestHosts are 'HostProvider://DefaultTestHost,HostProvider://DotnetTestHost'.
TpTrace Verbose: 0 : 46068, 1, 2024/01/08, 09:07:43.264, 16411792360514, vstest.console.dll, TestPluginCache: DataCollectors are ''.
TpTrace Information: 0 : 46068, 1, 2024/01/08, 09:07:43.270, 16411792426290, vstest.console.dll, RunTestsArgumentProcessor:Execute: Test run is starting.
TpTrace Verbose: 0 : 46068, 1, 2024/01/08, 09:07:43.270, 16411792426924, vstest.console.dll, RunTestsArgumentProcessor:Execute: Queuing Test run.
TpTrace Information: 0 : 46068, 1, 2024/01/08, 09:07:43.270, 16411792428380, vstest.console.dll, TestRequestManager.RunTests: run tests started.
TpTrace Information: 0 : 46068, 1, 2024/01/08, 09:07:43.271, 16411792435893, vstest.console.dll, AssemblyMetadataProvider.GetFrameworkName: Determined framework:'.NETCoreApp,Version=v6.0' for source: 'C:\Users\CGardiner\Documents\Data_Structures_And_Algorithms_Proof\AlgoWorld\AlgoWorld\AlgoWorldTestProject\bin\Debug\fine-code-coverage-net6.0\AlgoWorldTestProject.dll'
TpTrace Information: 0 : 46068, 1, 2024/01/08, 09:07:43.271, 16411792436917, vstest.console.dll, Determined framework for all sources: .NETCoreApp,Version=v6.0
TpTrace Verbose: 0 : 46068, 1, 2024/01/08, 09:07:43.272, 16411792439217, vstest.console.dll, TestRequestManager.UpdateRunSettingsIfRequired: Default architecture: X64 IsDefaultTargetArchitecture: True, Current process architecture: X64 OperatingSystem: Windows.
TpTrace Information: 0 : 46068, 1, 2024/01/08, 09:07:43.273, 16411792451561, vstest.console.dll, AssemblyMetadataProvider.GetArchitecture: Determined architecture:AnyCPU info for assembly: C:\Users\CGardiner\Documents\Data_Structures_And_Algorithms_Proof\AlgoWorld\AlgoWorld\AlgoWorldTestProject\bin\Debug\fine-code-coverage-net6.0\AlgoWorldTestProject.dll
TpTrace Information: 0 : 46068, 1, 2024/01/08, 09:07:43.273, 16411792451976, vstest.console.dll, Determined platform for source 'C:\Users\CGardiner\Documents\Data_Structures_And_Algorithms_Proof\AlgoWorld\AlgoWorld\AlgoWorldTestProject\bin\Debug\fine-code-coverage-net6.0\AlgoWorldTestProject.dll' was AnyCPU and it will use the default plaform X64.
TpTrace Information: 0 : 46068, 1, 2024/01/08, 09:07:43.273, 16411792452126, vstest.console.dll, None of the sources provided any runnable platform, using the default platform: X64
TpTrace Information: 0 : 46068, 1, 2024/01/08, 09:07:43.273, 16411792452665, vstest.console.dll, Platform was updated to 'X64'.
TpTrace Information: 0 : 46068, 1, 2024/01/08, 09:07:43.275, 16411792473091, vstest.console.dll, InferRunSettingsHelper.IsTestSettingsEnabled: Unable to navigate to RunSettings/MSTest. Current node: RunSettings
TpTrace Information: 0 : 46068, 1, 2024/01/08, 09:07:43.275, 16411792477221, vstest.console.dll, AssemblyResolver.OnResolve: Microsoft.VisualStudio.TestPlatform.Fakes: Resolving assembly.
TpTrace Information: 0 : 46068, 1, 2024/01/08, 09:07:43.275, 16411792477613, vstest.console.dll, AssemblyResolver.OnResolve: Microsoft.VisualStudio.TestPlatform.Fakes: Searching in: 'C:\Program Files\dotnet\sdk\7.0.404\Extensions'.
TpTrace Information: 0 : 46068, 1, 2024/01/08, 09:07:43.275, 16411792478188, vstest.console.dll, AssemblyResolver.OnResolve: Microsoft.VisualStudio.TestPlatform.Fakes: Assembly path does not exist: 'C:\Program Files\dotnet\sdk\7.0.404\Extensions\Microsoft.VisualStudio.TestPlatform.Fakes.dll', returning.
TpTrace Information: 0 : 46068, 1, 2024/01/08, 09:07:43.275, 16411792478502, vstest.console.dll, AssemblyResolver.OnResolve: Microsoft.VisualStudio.TestPlatform.Fakes: Assembly path does not exist: 'C:\Program Files\dotnet\sdk\7.0.404\Extensions\Microsoft.VisualStudio.TestPlatform.Fakes.exe', returning.
TpTrace Information: 0 : 46068, 1, 2024/01/08, 09:07:43.275, 16411792478616, vstest.console.dll, AssemblyResolver.OnResolve: Microsoft.VisualStudio.TestPlatform.Fakes: Searching in: 'C:\Program Files\dotnet\sdk\7.0.404'.
TpTrace Information: 0 : 46068, 1, 2024/01/08, 09:07:43.276, 16411792478931, vstest.console.dll, AssemblyResolver.OnResolve: Microsoft.VisualStudio.TestPlatform.Fakes: Assembly path does not exist: 'C:\Program Files\dotnet\sdk\7.0.404\Microsoft.VisualStudio.TestPlatform.Fakes.dll', returning.
TpTrace Information: 0 : 46068, 1, 2024/01/08, 09:07:43.276, 16411792479212, vstest.console.dll, AssemblyResolver.OnResolve: Microsoft.VisualStudio.TestPlatform.Fakes: Assembly path does not exist: 'C:\Program Files\dotnet\sdk\7.0.404\Microsoft.VisualStudio.TestPlatform.Fakes.exe', returning.
TpTrace Information: 0 : 46068, 1, 2024/01/08, 09:07:43.276, 16411792479345, vstest.console.dll, AssemblyResolver.OnResolve: Microsoft.VisualStudio.TestPlatform.Fakes: Failed to load assembly.
TpTrace Information: 0 : 46068, 1, 2024/01/08, 09:07:43.276, 16411792481009, vstest.console.dll, Failed to load assembly Microsoft.VisualStudio.TestPlatform.Fakes, Version=17.0.0.0, Culture=neutral. Reason:System.IO.FileNotFoundException: Could not load file or assembly 'Microsoft.VisualStudio.TestPlatform.Fakes, Version=17.0.0.0, Culture=neutral, PublicKeyToken=null'. The system cannot find the file specified.
File name: 'Microsoft.VisualStudio.TestPlatform.Fakes, Version=17.0.0.0, Culture=neutral, PublicKeyToken=null'
   at System.Reflection.RuntimeAssembly.InternalLoad(AssemblyName assemblyName, StackCrawlMark& stackMark, AssemblyLoadContext assemblyLoadContext, RuntimeAssembly requestingAssembly, Boolean throwOnFileNotFound)
   at System.Reflection.Assembly.Load(AssemblyName assemblyRef)
   at Microsoft.VisualStudio.TestPlatform.Common.Utilities.FakesUtilities.LoadTestPlatformAssembly() in /_/src/Microsoft.TestPlatform.Common/Utilities/FakesUtilities.cs:line 272
TpTrace Verbose: 0 : 46068, 1, 2024/01/08, 09:07:43.278, 16411792502086, vstest.console.dll, TestPluginCache.DiscoverTestExtensions: finding test extensions in assemblies ends with: TestLogger.dll TPluginInfo: Microsoft.VisualStudio.TestPlatform.Common.ExtensionFramework.Utilities.TestLoggerPluginInformation TExtension: Microsoft.VisualStudio.TestPlatform.ObjectModel.Client.ITestLogger
TpTrace Verbose: 0 : 46068, 1, 2024/01/08, 09:07:43.278, 16411792502556, vstest.console.dll, TestPluginCache.GetExtensionPaths: Filtered extension paths: 
TpTrace Verbose: 0 : 46068, 1, 2024/01/08, 09:07:43.278, 16411792502696, vstest.console.dll, TestPluginCache.GetExtensionPaths: Added default extension paths: C:\Program Files\dotnet\sdk\7.0.404\Extensions\Microsoft.Diagnostics.NETCore.Client.dll
C:\Program Files\dotnet\sdk\7.0.404\Extensions\Microsoft.TestPlatform.Extensions.BlameDataCollector.dll
C:\Program Files\dotnet\sdk\7.0.404\Extensions\Microsoft.TestPlatform.Extensions.EventLogCollector.dll
C:\Program Files\dotnet\sdk\7.0.404\Extensions\Microsoft.TestPlatform.TestHostRuntimeProvider.dll
C:\Program Files\dotnet\sdk\7.0.404\Extensions\Microsoft.VisualStudio.TestPlatform.Extensions.Html.TestLogger.dll
C:\Program Files\dotnet\sdk\7.0.404\Extensions\Microsoft.VisualStudio.TestPlatform.Extensions.Trx.TestLogger.dll
TpTrace Verbose: 0 : 46068, 1, 2024/01/08, 09:07:43.278, 16411792502866, vstest.console.dll, TestPluginCache.GetExtensionPaths: Added unfilterableExtensionPaths: 
TpTrace Information: 0 : 46068, 1, 2024/01/08, 09:07:43.278, 16411792503566, vstest.console.dll, AssemblyResolver.AddSearchDirectories: Adding more searchDirectories C:\Program Files\dotnet\sdk\7.0.404\Extensions,C:\Program Files\dotnet\sdk\7.0.404
TpTrace Verbose: 0 : 46068, 1, 2024/01/08, 09:07:43.278, 16411792503811, vstest.console.dll, TestPluginCache.DiscoverTestExtensions: Discovering the extensions using extension path.
TpTrace Verbose: 0 : 46068, 1, 2024/01/08, 09:07:43.278, 16411792504077, vstest.console.dll, TestPluginCache.GetExtensionPaths: Filtered extension paths: 
TpTrace Verbose: 0 : 46068, 1, 2024/01/08, 09:07:43.278, 16411792504189, vstest.console.dll, TestPluginCache.GetExtensionPaths: Added default extension paths: C:\Program Files\dotnet\sdk\7.0.404\Extensions\Microsoft.Diagnostics.NETCore.Client.dll
C:\Program Files\dotnet\sdk\7.0.404\Extensions\Microsoft.TestPlatform.Extensions.BlameDataCollector.dll
C:\Program Files\dotnet\sdk\7.0.404\Extensions\Microsoft.TestPlatform.Extensions.EventLogCollector.dll
C:\Program Files\dotnet\sdk\7.0.404\Extensions\Microsoft.TestPlatform.TestHostRuntimeProvider.dll
C:\Program Files\dotnet\sdk\7.0.404\Extensions\Microsoft.VisualStudio.TestPlatform.Extensions.Html.TestLogger.dll
C:\Program Files\dotnet\sdk\7.0.404\Extensions\Microsoft.VisualStudio.TestPlatform.Extensions.Trx.TestLogger.dll
TpTrace Verbose: 0 : 46068, 1, 2024/01/08, 09:07:43.278, 16411792504335, vstest.console.dll, TestPluginCache.GetExtensionPaths: Added unfilterableExtensionPaths: 
TpTrace Verbose: 0 : 46068, 1, 2024/01/08, 09:07:43.278, 16411792504818, vstest.console.dll, TestPluginCache.DiscoverTestExtensions: Discovering the extensions using allExtensionPaths: C:\Program Files\dotnet\sdk\7.0.404\Extensions\Microsoft.Diagnostics.NETCore.Client.dll
C:\Program Files\dotnet\sdk\7.0.404\Extensions\Microsoft.TestPlatform.Extensions.BlameDataCollector.dll
C:\Program Files\dotnet\sdk\7.0.404\Extensions\Microsoft.TestPlatform.Extensions.EventLogCollector.dll
C:\Program Files\dotnet\sdk\7.0.404\Extensions\Microsoft.TestPlatform.TestHostRuntimeProvider.dll
C:\Program Files\dotnet\sdk\7.0.404\Extensions\Microsoft.VisualStudio.TestPlatform.Extensions.Html.TestLogger.dll
C:\Program Files\dotnet\sdk\7.0.404\Extensions\Microsoft.VisualStudio.TestPlatform.Extensions.Trx.TestLogger.dll
TpTrace Information: 0 : 46068, 1, 2024/01/08, 09:07:43.278, 16411792505065, vstest.console.dll, AssemblyResolver.AddSearchDirectories: Adding more searchDirectories C:\Program Files\dotnet\sdk\7.0.404\Extensions,C:\Program Files\dotnet\sdk\7.0.404
TpTrace Information: 0 : 46068, 1, 2024/01/08, 09:07:43.278, 16411792505191, vstest.console.dll, AssemblyResolver.AddSearchDirectories: Adding more searchDirectories C:\Program Files\dotnet\sdk\7.0.404\Extensions,C:\Program Files\dotnet\sdk\7.0.404
TpTrace Information: 0 : 46068, 1, 2024/01/08, 09:07:43.278, 16411792505327, vstest.console.dll, AssemblyResolver.AddSearchDirectories: Adding more searchDirectories C:\Program Files\dotnet\sdk\7.0.404\Extensions,C:\Program Files\dotnet\sdk\7.0.404
TpTrace Information: 0 : 46068, 1, 2024/01/08, 09:07:43.278, 16411792505450, vstest.console.dll, AssemblyResolver.AddSearchDirectories: Adding more searchDirectories C:\Program Files\dotnet\sdk\7.0.404\Extensions,C:\Program Files\dotnet\sdk\7.0.404
TpTrace Information: 0 : 46068, 1, 2024/01/08, 09:07:43.278, 16411792505554, vstest.console.dll, AssemblyResolver.AddSearchDirectories: Adding more searchDirectories C:\Program Files\dotnet\sdk\7.0.404\Extensions,C:\Program Files\dotnet\sdk\7.0.404
TpTrace Information: 0 : 46068, 1, 2024/01/08, 09:07:43.278, 16411792505656, vstest.console.dll, AssemblyResolver.AddSearchDirectories: Adding more searchDirectories C:\Program Files\dotnet\sdk\7.0.404\Extensions,C:\Program Files\dotnet\sdk\7.0.404
TpTrace Verbose: 0 : 46068, 1, 2024/01/08, 09:07:43.278, 16411792506204, vstest.console.dll, MetadataReaderExtensionsHelper: Discovering extensions inside assembly 'Microsoft.Diagnostics.NETCore.Client, Version=0.2.8.21101, Culture=neutral, PublicKeyToken=31bf3856ad364e35' file path 'C:\Program Files\dotnet\sdk\7.0.404\Extensions\Microsoft.Diagnostics.NETCore.Client.dll'
TpTrace Information: 0 : 46068, 1, 2024/01/08, 09:07:43.279, 16411792509857, vstest.console.dll, AssemblyResolver.OnResolve: Microsoft.Bcl.AsyncInterfaces: Resolving assembly.
TpTrace Information: 0 : 46068, 1, 2024/01/08, 09:07:43.279, 16411792510154, vstest.console.dll, AssemblyResolver.OnResolve: Microsoft.Bcl.AsyncInterfaces: Resolved from cache.
TpTrace Verbose: 0 : 46068, 1, 2024/01/08, 09:07:43.279, 16411792510277, vstest.console.dll, CurrentDomainAssemblyResolve: Resolving assembly 'Microsoft.Bcl.AsyncInterfaces'.
TpTrace Information: 0 : 46068, 1, 2024/01/08, 09:07:43.279, 16411792510504, vstest.console.dll, AssemblyResolver.OnResolve: Microsoft.Bcl.AsyncInterfaces: Resolving assembly.
TpTrace Information: 0 : 46068, 1, 2024/01/08, 09:07:43.279, 16411792510610, vstest.console.dll, AssemblyResolver.OnResolve: Microsoft.Bcl.AsyncInterfaces: Resolved from cache.
TpTrace Verbose: 0 : 46068, 1, 2024/01/08, 09:07:43.279, 16411792510707, vstest.console.dll, CurrentDomainAssemblyResolve: Resolving assembly 'Microsoft.Bcl.AsyncInterfaces'.
TpTrace Verbose: 0 : 46068, 1, 2024/01/08, 09:07:43.279, 16411792510803, vstest.console.dll, CurrentDomainAssemblyResolve: Failed to resolve assembly 'Microsoft.Bcl.AsyncInterfaces'.
TpTrace Verbose: 0 : 46068, 1, 2024/01/08, 09:07:43.279, 16411792511511, vstest.console.dll, CurrentDomainAssemblyResolve: Failed to resolve assembly 'Microsoft.Bcl.AsyncInterfaces'.
TpTrace Warning: 0 : 46068, 1, 2024/01/08, 09:07:43.279, 16411792513225, vstest.console.dll, TestPluginDiscoverer: Failed to get types from assembly 'Microsoft.Diagnostics.NETCore.Client, Version=0.2.8.21101, Culture=neutral, PublicKeyToken=31bf3856ad364e35'. Error: System.Reflection.ReflectionTypeLoadException: Unable to load one or more of the requested types.
Could not load file or assembly 'Microsoft.Bcl.AsyncInterfaces, Version=1.0.0.0, Culture=neutral, PublicKeyToken=cc7b13ffcd2ddd51'. The system cannot find the file specified.
   at System.Reflection.RuntimeModule.GetTypes(RuntimeModule module)
   at System.Reflection.Assembly.GetTypes()
   at Microsoft.VisualStudio.TestPlatform.Common.ExtensionFramework.TestPluginDiscoverer.GetTestExtensionsFromAssembly[TPluginInfo,TExtension](Assembly assembly, Dictionary`2 pluginInfos, String filePath) in /_/src/Microsoft.TestPlatform.Common/ExtensionFramework/TestPluginDiscoverer.cs:line 158
System.IO.FileNotFoundException: Could not load file or assembly 'Microsoft.Bcl.AsyncInterfaces, Version=1.0.0.0, Culture=neutral, PublicKeyToken=cc7b13ffcd2ddd51'. The system cannot find the file specified.
File name: 'Microsoft.Bcl.AsyncInterfaces, Version=1.0.0.0, Culture=neutral, PublicKeyToken=cc7b13ffcd2ddd51'
 ---> System.IO.FileNotFoundException: Could not load file or assembly 'Microsoft.Bcl.AsyncInterfaces, Culture=neutral, PublicKeyToken=null'. The system cannot find the file specified.
File name: 'Microsoft.Bcl.AsyncInterfaces, Culture=neutral, PublicKeyToken=null'
   at System.Reflection.RuntimeAssembly.InternalLoad(AssemblyName assemblyName, StackCrawlMark& stackMark, AssemblyLoadContext assemblyLoadContext, RuntimeAssembly requestingAssembly, Boolean throwOnFileNotFound)
   at System.Reflection.Assembly.Load(AssemblyName assemblyRef)
   at Microsoft.VisualStudio.TestPlatform.Common.ExtensionFramework.TestPluginCache.CurrentDomainAssemblyResolve(Object sender, AssemblyResolveEventArgs args) in /_/src/Microsoft.TestPlatform.Common/ExtensionFramework/TestPluginCache.cs:line 513
   at System.Runtime.Loader.AssemblyLoadContext.GetFirstResolvedAssemblyFromResolvingEvent(AssemblyName assemblyName)
   at System.Runtime.Loader.AssemblyLoadContext.ResolveUsingEvent(AssemblyName assemblyName)
   at System.Runtime.Loader.AssemblyLoadContext.ResolveUsingResolvingEvent(IntPtr gchManagedAssemblyLoadContext, AssemblyName assemblyName)
TpTrace Warning: 0 : 46068, 1, 2024/01/08, 09:07:43.279, 16411792513911, vstest.console.dll, LoaderExceptions: System.IO.FileNotFoundException: Could not load file or assembly 'Microsoft.Bcl.AsyncInterfaces, Version=1.0.0.0, Culture=neutral, PublicKeyToken=cc7b13ffcd2ddd51'. The system cannot find the file specified.
File name: 'Microsoft.Bcl.AsyncInterfaces, Version=1.0.0.0, Culture=neutral, PublicKeyToken=cc7b13ffcd2ddd51'
 ---> System.IO.FileNotFoundException: Could not load file or assembly 'Microsoft.Bcl.AsyncInterfaces, Culture=neutral, PublicKeyToken=null'. The system cannot find the file specified.
File name: 'Microsoft.Bcl.AsyncInterfaces, Culture=neutral, PublicKeyToken=null'
   at System.Reflection.RuntimeAssembly.InternalLoad(AssemblyName assemblyName, StackCrawlMark& stackMark, AssemblyLoadContext assemblyLoadContext, RuntimeAssembly requestingAssembly, Boolean throwOnFileNotFound)
   at System.Reflection.Assembly.Load(AssemblyName assemblyRef)
   at Microsoft.VisualStudio.TestPlatform.Common.ExtensionFramework.TestPluginCache.CurrentDomainAssemblyResolve(Object sender, AssemblyResolveEventArgs args) in /_/src/Microsoft.TestPlatform.Common/ExtensionFramework/TestPluginCache.cs:line 513
   at System.Runtime.Loader.AssemblyLoadContext.GetFirstResolvedAssemblyFromResolvingEvent(AssemblyName assemblyName)
   at System.Runtime.Loader.AssemblyLoadContext.ResolveUsingEvent(AssemblyName assemblyName)
   at System.Runtime.Loader.AssemblyLoadContext.ResolveUsingResolvingEvent(IntPtr gchManagedAssemblyLoadContext, AssemblyName assemblyName)
TpTrace Verbose: 0 : 46068, 1, 2024/01/08, 09:07:43.279, 16411792514263, vstest.console.dll, MetadataReaderExtensionsHelper: Discovering extensions inside assembly 'Microsoft.TestPlatform.Extensions.BlameDataCollector, Version=15.0.0.0, Culture=neutral, PublicKeyToken=b03f5f7f11d50a3a' file path 'C:\Program Files\dotnet\sdk\7.0.404\Extensions\Microsoft.TestPlatform.Extensions.BlameDataCollector.dll'
TpTrace Information: 0 : 46068, 1, 2024/01/08, 09:07:43.279, 16411792516729, vstest.console.dll, GetTestExtensionFromType: Register extension with identifier data 'logger://Microsoft/TestPlatform/Extensions/Blame/v1' and type 'Microsoft.TestPlatform.Extensions.BlameDataCollector.BlameLogger, Microsoft.TestPlatform.Extensions.BlameDataCollector, Version=15.0.0.0, Culture=neutral, PublicKeyToken=b03f5f7f11d50a3a' inside file 'C:\Program Files\dotnet\sdk\7.0.404\Extensions\Microsoft.TestPlatform.Extensions.BlameDataCollector.dll'
TpTrace Verbose: 0 : 46068, 1, 2024/01/08, 09:07:43.279, 16411792517091, vstest.console.dll, MetadataReaderExtensionsHelper: Discovering extensions inside assembly 'Microsoft.TestPlatform.Extensions.EventLogCollector, Version=15.0.0.0, Culture=neutral, PublicKeyToken=b03f5f7f11d50a3a' file path 'C:\Program Files\dotnet\sdk\7.0.404\Extensions\Microsoft.TestPlatform.Extensions.EventLogCollector.dll'
TpTrace Verbose: 0 : 46068, 1, 2024/01/08, 09:07:43.279, 16411792518558, vstest.console.dll, MetadataReaderExtensionsHelper: Discovering extensions inside assembly 'Microsoft.TestPlatform.TestHostRuntimeProvider, Version=15.0.0.0, Culture=neutral, PublicKeyToken=b03f5f7f11d50a3a' file path 'C:\Program Files\dotnet\sdk\7.0.404\Extensions\Microsoft.TestPlatform.TestHostRuntimeProvider.dll'
TpTrace Verbose: 0 : 46068, 1, 2024/01/08, 09:07:43.280, 16411792519886, vstest.console.dll, MetadataReaderExtensionsHelper: Discovering extensions inside assembly 'Microsoft.VisualStudio.TestPlatform.Extensions.Html.TestLogger, Version=15.0.0.0, Culture=neutral, PublicKeyToken=b03f5f7f11d50a3a' file path 'C:\Program Files\dotnet\sdk\7.0.404\Extensions\Microsoft.VisualStudio.TestPlatform.Extensions.Html.TestLogger.dll'
TpTrace Information: 0 : 46068, 1, 2024/01/08, 09:07:43.280, 16411792522560, vstest.console.dll, GetTestExtensionFromType: Register extension with identifier data 'logger://Microsoft/TestPlatform/HtmlLogger/v1' and type 'Microsoft.VisualStudio.TestPlatform.Extensions.HtmlLogger.HtmlLogger, Microsoft.VisualStudio.TestPlatform.Extensions.Html.TestLogger, Version=15.0.0.0, Culture=neutral, PublicKeyToken=b03f5f7f11d50a3a' inside file 'C:\Program Files\dotnet\sdk\7.0.404\Extensions\Microsoft.VisualStudio.TestPlatform.Extensions.Html.TestLogger.dll'
TpTrace Verbose: 0 : 46068, 1, 2024/01/08, 09:07:43.280, 16411792522998, vstest.console.dll, MetadataReaderExtensionsHelper: Discovering extensions inside assembly 'Microsoft.VisualStudio.TestPlatform.Extensions.Trx.TestLogger, Version=15.0.0.0, Culture=neutral, PublicKeyToken=b03f5f7f11d50a3a' file path 'C:\Program Files\dotnet\sdk\7.0.404\Extensions\Microsoft.VisualStudio.TestPlatform.Extensions.Trx.TestLogger.dll'
TpTrace Information: 0 : 46068, 1, 2024/01/08, 09:07:43.280, 16411792525057, vstest.console.dll, GetTestExtensionFromType: Register extension with identifier data 'logger://Microsoft/TestPlatform/TrxLogger/v1' and type 'Microsoft.VisualStudio.TestPlatform.Extensions.TrxLogger.TrxLogger, Microsoft.VisualStudio.TestPlatform.Extensions.Trx.TestLogger, Version=15.0.0.0, Culture=neutral, PublicKeyToken=b03f5f7f11d50a3a' inside file 'C:\Program Files\dotnet\sdk\7.0.404\Extensions\Microsoft.VisualStudio.TestPlatform.Extensions.Trx.TestLogger.dll'
TpTrace Verbose: 0 : 46068, 1, 2024/01/08, 09:07:43.280, 16411792525495, vstest.console.dll, TestPluginCache: Discovered the extensions using extension path ''.
TpTrace Verbose: 0 : 46068, 1, 2024/01/08, 09:07:43.280, 16411792525627, vstest.console.dll, TestPluginCache: Discoverers are ''.
TpTrace Verbose: 0 : 46068, 1, 2024/01/08, 09:07:43.280, 16411792525726, vstest.console.dll, TestPluginCache: Executors are ''.
TpTrace Verbose: 0 : 46068, 1, 2024/01/08, 09:07:43.280, 16411792525840, vstest.console.dll, TestPluginCache: Executors2 are ''.
TpTrace Verbose: 0 : 46068, 1, 2024/01/08, 09:07:43.280, 16411792525944, vstest.console.dll, TestPluginCache: Setting providers are ''.
TpTrace Verbose: 0 : 46068, 1, 2024/01/08, 09:07:43.280, 16411792526261, vstest.console.dll, TestPluginCache: Loggers are 'logger://Microsoft/TestPlatform/Extensions/Blame/v1,logger://Microsoft/TestPlatform/HtmlLogger/v1,logger://Microsoft/TestPlatform/TrxLogger/v1'.
TpTrace Verbose: 0 : 46068, 1, 2024/01/08, 09:07:43.280, 16411792526387, vstest.console.dll, TestPluginCache: TestHosts are 'HostProvider://DefaultTestHost,HostProvider://DotnetTestHost'.
TpTrace Verbose: 0 : 46068, 1, 2024/01/08, 09:07:43.280, 16411792526485, vstest.console.dll, TestPluginCache: DataCollectors are ''.
TpTrace Information: 0 : 46068, 1, 2024/01/08, 09:07:43.281, 16411792531137, vstest.console.dll, TestPluginManager.CreateTestExtension: Attempting to load test extension: Microsoft.TestPlatform.Extensions.BlameDataCollector.BlameLogger
TpTrace Verbose: 0 : 46068, 1, 2024/01/08, 09:07:43.285, 16411792575241, vstest.console.dll, TestEngine: Initializing Parallel Execution as MaxCpuCount is set to: 1
TpTrace Information: 0 : 46068, 1, 2024/01/08, 09:07:43.286, 16411792587131, vstest.console.dll, TestPluginManager.CreateTestExtension: Attempting to load test extension: Microsoft.VisualStudio.TestPlatform.CrossPlatEngine.Hosting.DefaultTestHostManager
TpTrace Information: 0 : 46068, 1, 2024/01/08, 09:07:43.287, 16411792594043, vstest.console.dll, TestPluginManager.CreateTestExtension: Attempting to load test extension: Microsoft.VisualStudio.TestPlatform.CrossPlatEngine.Hosting.DotnetTestHostManager
TpTrace Information: 0 : 46068, 1, 2024/01/08, 09:07:43.287, 16411792598263, vstest.console.dll, InferRunSettingsHelper.IsTestSettingsEnabled: Unable to navigate to RunSettings/MSTest. Current node: RunSettings
TpTrace Verbose: 0 : 46068, 1, 2024/01/08, 09:07:43.288, 16411792602537, vstest.console.dll, ParallelOperationManager.ClearSlots: Clearing all slots. Slots should accept more work: True
TpTrace Verbose: 0 : 46068, 1, 2024/01/08, 09:07:43.288, 16411792607087, vstest.console.dll, ParallelOperationManager.SetOccupiedSlotCount: Setting slot counts AvailableSlotCount = 1, OccupiedSlotCount = 0.
TpTrace Verbose: 0 : 46068, 1, 2024/01/08, 09:07:43.289, 16411792609627, vstest.console.dll, Occupied slots:

TpTrace Verbose: 0 : 46068, 1, 2024/01/08, 09:07:43.291, 16411792628748, vstest.console.dll, TestEngine.GetExecutionManager: Chosen execution manager 'Microsoft.VisualStudio.TestPlatform.CrossPlatEngine.Client.Parallel.ParallelProxyExecutionManager, Microsoft.TestPlatform.CrossPlatEngine, Version=15.0.0.0, Culture=neutral, PublicKeyToken=b03f5f7f11d50a3a' ParallelLevel '1'.
TpTrace Verbose: 0 : 46068, 1, 2024/01/08, 09:07:43.291, 16411792629669, vstest.console.dll, TestRunRequest.ExecuteAsync: Creating test run request.
TpTrace Verbose: 0 : 46068, 1, 2024/01/08, 09:07:43.291, 16411792631012, vstest.console.dll, TestRunRequest.ExecuteAsync: Starting.
TpTrace Information: 0 : 46068, 1, 2024/01/08, 09:07:43.291, 16411792632477, vstest.console.dll, TestRunRequest.ExecuteAsync: Starting run with settings:TestRunCriteria:
   KeepAlive=False,FrequencyOfRunStatsChangeEvent=10,RunStatsChangeEventTimeout=00:00:01.5000000,TestCaseFilter=,TestExecutorLauncher=
   Settingsxml=<RunSettings>
  <RunConfiguration>
    <ResultsDirectory>C:\Users\CGardiner\Documents\Data_Structures_And_Algorithms_Proof\AlgoWorld\AlgoWorld\AlgoWorldTestProject\bin\Debug\net6.0\fine-code-coverage\coverage-tool-output</ResultsDirectory>
    <TargetPlatform>X64</TargetPlatform>
    <TargetFrameworkVersion>.NETCoreApp,Version=v6.0</TargetFrameworkVersion>
    <DesignMode>False</DesignMode>
    <CollectSourceInformation>False</CollectSourceInformation>
  </RunConfiguration>
  <LoggerRunSettings>
    <Loggers>
      <Logger friendlyName="blame" enabled="True" />
      <Logger friendlyName="Console" uri="logger://microsoft/TestPlatform/ConsoleLogger/v1" assemblyQualifiedName="Microsoft.VisualStudio.TestPlatform.CommandLine.Internal.ConsoleLogger, vstest.console, Version=15.0.0.0, Culture=neutral, PublicKeyToken=b03f5f7f11d50a3a" codeBase="C:\Program Files\dotnet\sdk\7.0.404\vstest.console.dll" enabled="True" />
    </Loggers>
  </LoggerRunSettings>
  <DataCollectionRunSettings>
    <DataCollectors>
      <DataCollector friendlyName="blame" enabled="True">
        <Configuration>
          <ResultsDirectory>C:\Users\CGardiner\Documents\Data_Structures_And_Algorithms_Proof\AlgoWorld\AlgoWorld\AlgoWorldTestProject\bin\Debug\net6.0\fine-code-coverage\coverage-tool-output</ResultsDirectory>
        </Configuration>
      </DataCollector>
    </DataCollectors>
  </DataCollectionRunSettings>
</RunSettings>

TpTrace Verbose: 0 : 46068, 1, 2024/01/08, 09:07:43.291, 16411792632731, vstest.console.dll, TestRunRequest.ExecuteAsync: Wait for the first run request is over.
TpTrace Verbose: 0 : 46068, 1, 2024/01/08, 09:07:43.291, 16411792634479, vstest.console.dll, MulticastDelegateUtilities.SafeInvoke: TestRun.TestRunStart: Invoking callbacks was skipped because there are no subscribers.
TpTrace Verbose: 0 : 46068, 4, 2024/01/08, 09:07:43.291, 16411792637135, vstest.console.dll, MulticastDelegateUtilities.SafeInvoke: InternalTestLoggerEvents.SendTestRunStart: Invoking callback 1/1 for Microsoft.VisualStudio.TestPlatform.CommandLine.Internal.ConsoleLogger., took 0 ms.
TpTrace Verbose: 0 : 46068, 1, 2024/01/08, 09:07:43.292, 16411792641599, vstest.console.dll, ParallelProxyExecutionManager: Start execution. Total sources: 1
TpTrace Verbose: 0 : 46068, 1, 2024/01/08, 09:07:43.292, 16411792643615, vstest.console.dll, ParallelOperationManager.StartWork: Starting adding 1 workloads.
TpTrace Verbose: 0 : 46068, 1, 2024/01/08, 09:07:43.292, 16411792644127, vstest.console.dll, ParallelOperationManager.ClearSlots: Clearing all slots. Slots should accept more work: True
TpTrace Verbose: 0 : 46068, 1, 2024/01/08, 09:07:43.292, 16411792644450, vstest.console.dll, ParallelOperationManager.SetOccupiedSlotCount: Setting slot counts AvailableSlotCount = 1, OccupiedSlotCount = 0.
TpTrace Verbose: 0 : 46068, 1, 2024/01/08, 09:07:43.292, 16411792644638, vstest.console.dll, Occupied slots:

TpTrace Verbose: 0 : 46068, 1, 2024/01/08, 09:07:43.293, 16411792652164, vstest.console.dll, TestRequestSender is acting as server.
TpTrace Verbose: 0 : 46068, 1, 2024/01/08, 09:07:43.294, 16411792659671, vstest.console.dll, ParallelOperationManager.RunWorkInParallel: Adding 1 workload to slot, remaining workloads 0.
TpTrace Verbose: 0 : 46068, 1, 2024/01/08, 09:07:43.294, 16411792660039, vstest.console.dll, ParallelOperationManager.SetOccupiedSlotCount: Setting slot counts AvailableSlotCount = 0, OccupiedSlotCount = 1.
TpTrace Verbose: 0 : 46068, 1, 2024/01/08, 09:07:43.294, 16411792660591, vstest.console.dll, Occupied slots:
0: C:\Users\CGardiner\Documents\Data_Structures_And_Algorithms_Proof\AlgoWorld\AlgoWorld\AlgoWorldTestProject\bin\Debug\fine-code-coverage-net6.0\AlgoWorldTestProject.dll
TpTrace Verbose: 0 : 46068, 1, 2024/01/08, 09:07:43.294, 16411792667603, vstest.console.dll, ParallelOperationManager.RunWorkInParallel: Started host in slot number 0 for work (source): C:\Users\CGardiner\Documents\Data_Structures_And_Algorithms_Proof\AlgoWorld\AlgoWorld\AlgoWorldTestProject\bin\Debug\fine-code-coverage-net6.0\AlgoWorldTestProject.dll.
TpTrace Verbose: 0 : 46068, 1, 2024/01/08, 09:07:43.295, 16411792675869, vstest.console.dll, ParallelOperationManager.RunWorkInParallel: We started 1 work items, which is the max parallel level. Won't start more work.
TpTrace Verbose: 0 : 46068, 1, 2024/01/08, 09:07:43.295, 16411792676194, vstest.console.dll, ParallelOperationManager.RunWorkInParallel: We started 1 work items in here, returning True.
TpTrace Information: 0 : 46068, 1, 2024/01/08, 09:07:43.295, 16411792676417, vstest.console.dll, TestRunRequest.ExecuteAsync: Started.
TpTrace Verbose: 0 : 46068, 1, 2024/01/08, 09:07:43.295, 16411792676748, vstest.console.dll, TestRunRequest.WaitForCompletion: Waiting with timeout -1.
TpTrace Verbose: 0 : 46068, 5, 2024/01/08, 09:07:43.295, 16411792678259, vstest.console.dll, ParallelProxyExecutionManager.StartTestRunOnConcurrentManager: Initializing uninitialized client. Started clients: 0
TpTrace Verbose: 0 : 46068, 5, 2024/01/08, 09:07:43.296, 16411792679228, vstest.console.dll, DataCollectionRequestSender.InitializeCommunication : Initialize communication. 
TpTrace Information: 0 : 46068, 5, 2024/01/08, 09:07:43.299, 16411792716338, vstest.console.dll, Listening on Endpoint : 127.0.0.1:56184
TpTrace Verbose: 0 : 46068, 5, 2024/01/08, 09:07:43.304, 16411792761512, vstest.console.dll, DotnetDataCollectionLauncher: Adding  --runtimeconfig "C:\Program Files\dotnet\sdk\7.0.404\datacollector.runtimeconfig.json" in args
TpTrace Verbose: 0 : 46068, 5, 2024/01/08, 09:07:43.304, 16411792762405, vstest.console.dll, DotnetDataCollectionLauncher: Adding  --depsfile "C:\Program Files\dotnet\sdk\7.0.404\datacollector.deps.json" in args
TpTrace Verbose: 0 : 46068, 5, 2024/01/08, 09:07:43.304, 16411792763861, vstest.console.dll, DotnetDataCollectionLauncher: Full path of dotnet.exe is C:\Program Files\dotnet\dotnet.exe
TpTrace Information: 0 : 46068, 5, 2024/01/08, 09:07:43.326, 16411792985877, vstest.console.dll, ProxyDataCollectionManager.Initialize: Launched datacollector processId: 35888 port: 56184
TpTrace Information: 0 : 46068, 5, 2024/01/08, 09:07:43.326, 16411792986908, vstest.console.dll, ProxyDataCollectionManager.Initialize: waiting for connection with timeout: 90 seconds
TpTrace Verbose: 0 : 46068, 5, 2024/01/08, 09:07:43.326, 16411792987207, vstest.console.dll, DataCollectionRequestSender.WaitForRequestHandlerConnection : Waiting for connection with timeout: 90000
TpTrace Information: 0 : 46068, 7, 2024/01/08, 09:07:43.480, 16411794522937, vstest.console.dll, Using the buffer size of 16384 bytes
TpTrace Verbose: 0 : 46068, 5, 2024/01/08, 09:07:43.480, 16411794523064, vstest.console.dll, SocketCommunicationManager.WaitForClientConnection took: 153 ms, with 90000 ms timeout, and finished with True.
TpTrace Information: 0 : 46068, 7, 2024/01/08, 09:07:43.480, 16411794523920, vstest.console.dll, Accepted Client request and set the flag
TpTrace Verbose: 0 : 46068, 5, 2024/01/08, 09:07:43.480, 16411794524950, vstest.console.dll, ProxyDataCollectionManager.InvokeDataCollectionServiceAction: Starting.
TpTrace Information: 0 : 46068, 5, 2024/01/08, 09:07:43.480, 16411794525489, vstest.console.dll, ProxyDataCollectionManager.BeforeTestRunStart: Get environment variable and port for datacollector processId: 35888 port: 56184
TpTrace Verbose: 0 : 46068, 5, 2024/01/08, 09:07:43.480, 16411794526189, vstest.console.dll, DataCollectionRequestSender.SendBeforeTestRunStartAndGetResult: Send BeforeTestRunStart message with settingsXml <RunSettings><RunConfiguration><ResultsDirectory>C:\Users\CGardiner\Documents\Data_Structures_And_Algorithms_Proof\AlgoWorld\AlgoWorld\AlgoWorldTestProject\bin\Debug\net6.0\fine-code-coverage\coverage-tool-output</ResultsDirectory><TargetPlatform>X64</TargetPlatform><TargetFrameworkVersion>.NETCoreApp,Version=v6.0</TargetFrameworkVersion><DesignMode>False</DesignMode><CollectSourceInformation>False</CollectSourceInformation><TestAdaptersPaths>C:\Program Files\dotnet\sdk\7.0.404\Extensions</TestAdaptersPaths></RunConfiguration><LoggerRunSettings><Loggers><Logger friendlyName="blame" enabled="True" /><Logger friendlyName="Console" uri="logger://microsoft/TestPlatform/ConsoleLogger/v1" assemblyQualifiedName="Microsoft.VisualStudio.TestPlatform.CommandLine.Internal.ConsoleLogger, vstest.console, Version=15.0.0.0, Culture=neutral, PublicKeyToken=b03f5f7f11d50a3a" codeBase="C:\Program Files\dotnet\sdk\7.0.404\vstest.console.dll" enabled="True" /></Loggers></LoggerRunSettings><DataCollectionRunSettings><DataCollectors><DataCollector friendlyName="blame" enabled="True"><Configuration><ResultsDirectory>C:\Users\CGardiner\Documents\Data_Structures_And_Algorithms_Proof\AlgoWorld\AlgoWorld\AlgoWorldTestProject\bin\Debug\net6.0\fine-code-coverage\coverage-tool-output</ResultsDirectory></Configuration></DataCollector></DataCollectors></DataCollectionRunSettings></RunSettings> and sources System.Collections.Generic.List`1[System.String]: 
TpTrace Verbose: 0 : 46068, 5, 2024/01/08, 09:07:43.524, 16411794964166, vstest.console.dll, DataCollectionRequestSender.SendBeforeTestRunStartAndGetResult: Received message: (DataCollection.SendMessage) -> {"MessageType":"DataCollection.SendMessage","Payload":{"FriendlyName":null,"Uri":null,"TestCaseId":"00000000-0000-0000-0000-000000000000","Message":"Logging DataCollector Diagnostics in file: C:\\Users\\CGardiner\\Documents\\Data_Structures_And_Algorithms_Proof\\AlgoWorld\\AlgoWorld\\AlgoWorldTestProject\\bin\\Debug\\net6.0\\fine-code-coverage\\coverage-tool-output\\diagnostics.datacollector.24-01-08_09-07-43_30408_5.log","Level":0}}
TpTrace Verbose: 0 : 46068, 5, 2024/01/08, 09:07:43.577, 16411795492654, vstest.console.dll, DataCollectionRequestSender.SendBeforeTestRunStartAndGetResult: Received message: (DataCollection.BeforeTestRunStartResult) -> {"MessageType":"DataCollection.BeforeTestRunStartResult","Payload":{"EnvironmentVariables":{},"DataCollectionEventsPort":56186}}
TpTrace Information: 0 : 46068, 5, 2024/01/08, 09:07:43.580, 16411795524504, vstest.console.dll, ProxyDataCollectionManager.BeforeTestRunStart: SendBeforeTestRunStartAndGetResult successful, env variable from datacollector:   and testhost port: 56186
TpTrace Information: 0 : 46068, 5, 2024/01/08, 09:07:43.580, 16411795525103, vstest.console.dll, ProxyDataCollectionManager.InvokeDataCollectionServiceAction: Completed.
TpTrace Verbose: 0 : 46068, 5, 2024/01/08, 09:07:43.580, 16411795525291, vstest.console.dll, ParallelProxyExecutionManager.StartTestRunOnConcurrentManager: Initializing test run. Started clients: 0
TpTrace Verbose: 0 : 46068, 5, 2024/01/08, 09:07:43.580, 16411795525769, vstest.console.dll, ProxyExecutionManager: Test host is always Lazy initialize.
TpTrace Verbose: 0 : 46068, 5, 2024/01/08, 09:07:43.580, 16411795527194, vstest.console.dll, TestRequestSender.InitializeCommunication: initialize communication. 
TpTrace Information: 0 : 46068, 5, 2024/01/08, 09:07:43.581, 16411795536959, vstest.console.dll, SocketServer.Start: Listening on endpoint : 127.0.0.1:56187
TpTrace Verbose: 0 : 46068, 5, 2024/01/08, 09:07:43.582, 16411795542906, vstest.console.dll, DotnetTestHostmanager.GetTestHostProcessStartInfo: Platform environment 'X64' target architecture 'X64' framework '.NETCoreApp,Version=v6.0' OS 'Windows'
TpTrace Verbose: 0 : 46068, 5, 2024/01/08, 09:07:43.582, 16411795544928, vstest.console.dll, DotnetTestHostmanager: Adding  --runtimeconfig "C:\Users\CGardiner\Documents\Data_Structures_And_Algorithms_Proof\AlgoWorld\AlgoWorld\AlgoWorldTestProject\bin\Debug\fine-code-coverage-net6.0\AlgoWorldTestProject.runtimeconfig.json" in args
TpTrace Verbose: 0 : 46068, 5, 2024/01/08, 09:07:43.582, 16411795545678, vstest.console.dll, DotnetTestHostmanager: Adding  --depsfile "C:\Users\CGardiner\Documents\Data_Structures_And_Algorithms_Proof\AlgoWorld\AlgoWorld\AlgoWorldTestProject\bin\Debug\fine-code-coverage-net6.0\AlgoWorldTestProject.deps.json" in args
TpTrace Verbose: 0 : 46068, 5, 2024/01/08, 09:07:43.582, 16411795546908, vstest.console.dll, DotnetTestHostmanager.IsWinOnArm: Current PROCESSOR_ARCHITECTURE from environment variable 'AMD64'
TpTrace Verbose: 0 : 46068, 5, 2024/01/08, 09:07:43.582, 16411795547168, vstest.console.dll, DotnetTestHostmanager.IsWinOnArm: Is Windows on ARM 'False'
TpTrace Verbose: 0 : 46068, 5, 2024/01/08, 09:07:43.582, 16411795547650, vstest.console.dll, DotnetTestHostManager: testhost.exe found at path: C:\Users\CGardiner\Documents\Data_Structures_And_Algorithms_Proof\AlgoWorld\AlgoWorld\AlgoWorldTestProject\bin\Debug\fine-code-coverage-net6.0\testhost.exe
TpTrace Verbose: 0 : 46068, 5, 2024/01/08, 09:07:43.582, 16411795547813, vstest.console.dll, DotnetTestHostmanager: Full path of host exe is C:\Users\CGardiner\Documents\Data_Structures_And_Algorithms_Proof\AlgoWorld\AlgoWorld\AlgoWorldTestProject\bin\Debug\fine-code-coverage-net6.0\testhost.exe
TpTrace Verbose: 0 : 46068, 5, 2024/01/08, 09:07:43.582, 16411795548533, vstest.console.dll, DotnetTestHostmanager.LaunchTestHostAsync: Found 'VSTEST_WINAPPHOST_DOTNET_ROOT' in env variables, value 'C:\Program Files\dotnet', forwarding to 'DOTNET_ROOT'
TpTrace Verbose: 0 : 46068, 5, 2024/01/08, 09:07:43.583, 16411795549354, vstest.console.dll, DotnetTestHostManager: Starting process 'C:\Users\CGardiner\Documents\Data_Structures_And_Algorithms_Proof\AlgoWorld\AlgoWorld\AlgoWorldTestProject\bin\Debug\fine-code-coverage-net6.0\testhost.exe' with command line ' --runtimeconfig "C:\Users\CGardiner\Documents\Data_Structures_And_Algorithms_Proof\AlgoWorld\AlgoWorld\AlgoWorldTestProject\bin\Debug\fine-code-coverage-net6.0\AlgoWorldTestProject.runtimeconfig.json" --depsfile "C:\Users\CGardiner\Documents\Data_Structures_And_Algorithms_Proof\AlgoWorld\AlgoWorld\AlgoWorldTestProject\bin\Debug\fine-code-coverage-net6.0\AlgoWorldTestProject.deps.json" --port 56187 --endpoint 127.0.0.1:056187 --role client --parentprocessid 46068 --diag "C:\Users\CGardiner\Documents\Data_Structures_And_Algorithms_Proof\AlgoWorld\AlgoWorld\AlgoWorldTestProject\bin\Debug\net6.0\fine-code-coverage\coverage-tool-output\diagnostics.host.24-01-08_09-07-43_58212_5.log" --tracelevel 4 --datacollectionport 56186 --telemetryoptedin false'
TpTrace Verbose: 0 : 46068, 5, 2024/01/08, 09:07:43.611, 16411795833253, vstest.console.dll, MulticastDelegateUtilities.SafeInvoke: HostProviderEvents.OnHostLaunched: Invoking callback 1/2 for Microsoft.VisualStudio.TestPlatform.CrossPlatEngine.Client.ProxyExecutionManagerWithDataCollection., took 1 ms.
TpTrace Verbose: 0 : 46068, 5, 2024/01/08, 09:07:43.611, 16411795836078, vstest.console.dll, Test Runtime launched
TpTrace Verbose: 0 : 46068, 5, 2024/01/08, 09:07:43.611, 16411795836819, vstest.console.dll, MulticastDelegateUtilities.SafeInvoke: HostProviderEvents.OnHostLaunched: Invoking callback 2/2 for Microsoft.VisualStudio.TestPlatform.CrossPlatEngine.Client.ProxyOperationManager., took 0 ms.
TpTrace Verbose: 0 : 46068, 5, 2024/01/08, 09:07:43.611, 16411795838159, vstest.console.dll, TestRequestSender.WaitForRequestHandlerConnection: waiting for connection with timeout: 90000.
TpTrace Verbose: 0 : 46068, 7, 2024/01/08, 09:07:43.749, 16411797211155, vstest.console.dll, MulticastDelegateUtilities.SafeInvoke: SocketServer: ClientConnected: Invoking callback 1/1 for Microsoft.VisualStudio.TestPlatform.CommunicationUtilities.TestRequestSender., took 0 ms.
TpTrace Verbose: 0 : 46068, 5, 2024/01/08, 09:07:43.749, 16411797211307, vstest.console.dll, TestRequestSender.WaitForRequestHandlerConnection: waiting took 137 ms, with timeout 90000 ms, and result 0, which is success.
TpTrace Verbose: 0 : 46068, 7, 2024/01/08, 09:07:43.749, 16411797212351, vstest.console.dll, SocketServer.OnClientConnected: Client connected for endPoint: 127.0.0.1:56187, starting MessageLoopAsync:
TpTrace Verbose: 0 : 46068, 7, 2024/01/08, 09:07:43.749, 16411797216409, vstest.console.dll, TcpClientExtensions.MessageLoopAsync: Polling on remoteEndPoint: 127.0.0.1:56188 localEndPoint: 127.0.0.1:56187
TpTrace Verbose: 0 : 46068, 5, 2024/01/08, 09:07:43.750, 16411797221830, vstest.console.dll, TestRequestSender.CheckVersionWithTestHost: Sending check version message: {"MessageType":"ProtocolVersion","Payload":7}
TpTrace Verbose: 0 : 46068, 7, 2024/01/08, 09:07:43.842, 16411798141083, vstest.console.dll, TcpClientExtensions.MessageLoopAsync: NotifyDataAvailable remoteEndPoint: 127.0.0.1:56188 localEndPoint: 127.0.0.1:56187
TpTrace Verbose: 0 : 46068, 7, 2024/01/08, 09:07:43.842, 16411798143293, vstest.console.dll, TestRequestSender.CheckVersionWithTestHost: onMessageReceived received message: (ProtocolVersion) -> {"MessageType":"ProtocolVersion","Payload":7}
TpTrace Verbose: 0 : 46068, 7, 2024/01/08, 09:07:43.842, 16411798148323, vstest.console.dll, MulticastDelegateUtilities.SafeInvoke: LengthPrefixCommunicationChannel: MessageReceived: Invoking callback 1/1 for Microsoft.VisualStudio.TestPlatform.CommunicationUtilities.TestRequestSender+<>c__DisplayClass29_0., took 0 ms.
TpTrace Verbose: 0 : 46068, 5, 2024/01/08, 09:07:43.843, 16411798149526, vstest.console.dll, TestPluginCache.GetExtensionPaths: Filtered extension paths: 
TpTrace Verbose: 0 : 46068, 7, 2024/01/08, 09:07:43.843, 16411798149596, vstest.console.dll, TcpClientExtensions.MessageLoopAsync: Polling on remoteEndPoint: 127.0.0.1:56188 localEndPoint: 127.0.0.1:56187
TpTrace Verbose: 0 : 46068, 5, 2024/01/08, 09:07:43.843, 16411798150420, vstest.console.dll, TestPluginCache.GetExtensionPaths: Added default extension paths: C:\Program Files\dotnet\sdk\7.0.404\Extensions\Microsoft.Diagnostics.NETCore.Client.dll
C:\Program Files\dotnet\sdk\7.0.404\Extensions\Microsoft.TestPlatform.Extensions.BlameDataCollector.dll
C:\Program Files\dotnet\sdk\7.0.404\Extensions\Microsoft.TestPlatform.Extensions.EventLogCollector.dll
C:\Program Files\dotnet\sdk\7.0.404\Extensions\Microsoft.TestPlatform.TestHostRuntimeProvider.dll
C:\Program Files\dotnet\sdk\7.0.404\Extensions\Microsoft.VisualStudio.TestPlatform.Extensions.Html.TestLogger.dll
C:\Program Files\dotnet\sdk\7.0.404\Extensions\Microsoft.VisualStudio.TestPlatform.Extensions.Trx.TestLogger.dll
TpTrace Verbose: 0 : 46068, 5, 2024/01/08, 09:07:43.843, 16411798151776, vstest.console.dll, TestPluginCache.GetExtensionPaths: Added unfilterableExtensionPaths: 
TpTrace Verbose: 0 : 46068, 5, 2024/01/08, 09:07:43.845, 16411798173627, vstest.console.dll, TestRequestSender.InitializeExecution: Sending initialize execution with message: {"Version":7,"MessageType":"TestExecution.Initialize","Payload":["C:\\Users\\CGardiner\\Documents\\Data_Structures_And_Algorithms_Proof\\AlgoWorld\\AlgoWorld\\AlgoWorldTestProject\\bin\\Debug\\fine-code-coverage-net6.0\\xunit.runner.visualstudio.dotnetcore.testadapter.dll"]}
TpTrace Verbose: 0 : 46068, 5, 2024/01/08, 09:07:43.845, 16411798175738, vstest.console.dll, ParallelProxyExecutionManager.StartTestRunOnConcurrentManager: Execution starting. Started clients: 1
TpTrace Verbose: 0 : 46068, 5, 2024/01/08, 09:07:43.845, 16411798177661, vstest.console.dll, TestRunRequest:SendTestRunMessage: Starting.
TpTrace Verbose: 0 : 46068, 5, 2024/01/08, 09:07:43.845, 16411798178627, vstest.console.dll, MulticastDelegateUtilities.SafeInvoke: TestRun.LogMessages: Invoking callback 1/1 for Microsoft.VisualStudio.TestPlatform.CommandLine.TestRunResultAggregator., took 0 ms.
TpTrace Information: 0 : 46068, 5, 2024/01/08, 09:07:43.846, 16411798178829, vstest.console.dll, TestRunRequest:SendTestRunMessage: Completed.
TpTrace Verbose: 0 : 46068, 7, 2024/01/08, 09:07:43.845, 16411798178582, vstest.console.dll, TcpClientExtensions.MessageLoopAsync: NotifyDataAvailable remoteEndPoint: 127.0.0.1:56188 localEndPoint: 127.0.0.1:56187
TpTrace Verbose: 0 : 46068, 7, 2024/01/08, 09:07:43.846, 16411798180330, vstest.console.dll, LengthPrefixCommunicationChannel.NotifyDataAvailable: New data are waiting to be received, but there is no subscriber to be notified. Not reading them from the stream.
TpTrace Verbose: 0 : 46068, 4, 2024/01/08, 09:07:43.846, 16411798180673, vstest.console.dll, MulticastDelegateUtilities.SafeInvoke: InternalTestLoggerEvents.SendTestRunMessage: Invoking callback 1/1 for Microsoft.VisualStudio.TestPlatform.CommandLine.Internal.ConsoleLogger., took 0 ms.
TpTrace Verbose: 0 : 46068, 7, 2024/01/08, 09:07:43.846, 16411798180810, vstest.console.dll, TcpClientExtensions.MessageLoopAsync: Polling on remoteEndPoint: 127.0.0.1:56188 localEndPoint: 127.0.0.1:56187
TpTrace Verbose: 0 : 46068, 7, 2024/01/08, 09:07:43.846, 16411798181986, vstest.console.dll, TcpClientExtensions.MessageLoopAsync: NotifyDataAvailable remoteEndPoint: 127.0.0.1:56188 localEndPoint: 127.0.0.1:56187
TpTrace Verbose: 0 : 46068, 7, 2024/01/08, 09:07:43.846, 16411798182388, vstest.console.dll, LengthPrefixCommunicationChannel.NotifyDataAvailable: New data are waiting to be received, but there is no subscriber to be notified. Not reading them from the stream.
TpTrace Warning: 0 : 46068, 5, 2024/01/08, 09:07:43.846, 16411798182509, vstest.console.dll, InferRunSettingsHelper.MakeRunsettingsCompatible: Removing the following settings: TargetPlatform from RunSettings file. To use those settings please move to latest version of Microsoft.NET.Test.Sdk
TpTrace Verbose: 0 : 46068, 7, 2024/01/08, 09:07:43.846, 16411798183214, vstest.console.dll, TcpClientExtensions.MessageLoopAsync: Polling on remoteEndPoint: 127.0.0.1:56188 localEndPoint: 127.0.0.1:56187
TpTrace Verbose: 0 : 46068, 7, 2024/01/08, 09:07:43.846, 16411798183845, vstest.console.dll, TcpClientExtensions.MessageLoopAsync: NotifyDataAvailable remoteEndPoint: 127.0.0.1:56188 localEndPoint: 127.0.0.1:56187
TpTrace Verbose: 0 : 46068, 7, 2024/01/08, 09:07:43.846, 16411798184213, vstest.console.dll, LengthPrefixCommunicationChannel.NotifyDataAvailable: New data are waiting to be received, but there is no subscriber to be notified. Not reading them from the stream.
TpTrace Verbose: 0 : 46068, 7, 2024/01/08, 09:07:43.846, 16411798184564, vstest.console.dll, TcpClientExtensions.MessageLoopAsync: Polling on remoteEndPoint: 127.0.0.1:56188 localEndPoint: 127.0.0.1:56187
TpTrace Verbose: 0 : 46068, 7, 2024/01/08, 09:07:43.846, 16411798184951, vstest.console.dll, TcpClientExtensions.MessageLoopAsync: NotifyDataAvailable remoteEndPoint: 127.0.0.1:56188 localEndPoint: 127.0.0.1:56187
TpTrace Verbose: 0 : 46068, 7, 2024/01/08, 09:07:43.846, 16411798187368, vstest.console.dll, TestRequestSender.OnExecutionMessageReceived: Received message: {"Version":7,"MessageType":"TestSession.Message","Payload":{"MessageLevel":0,"Message":"Logging TestHost Diagnostics in file: C:\\Users\\CGardiner\\Documents\\Data_Structures_And_Algorithms_Proof\\AlgoWorld\\AlgoWorld\\AlgoWorldTestProject\\bin\\Debug\\net6.0\\fine-code-coverage\\coverage-tool-output\\diagnostics.host.24-01-08_09-07-43_58212_5.log"}}
TpTrace Verbose: 0 : 46068, 7, 2024/01/08, 09:07:43.849, 16411798211006, vstest.console.dll, TestRunRequest:SendTestRunMessage: Starting.
TpTrace Verbose: 0 : 46068, 7, 2024/01/08, 09:07:43.849, 16411798212387, vstest.console.dll, MulticastDelegateUtilities.SafeInvoke: TestRun.LogMessages: Invoking callback 1/1 for Microsoft.VisualStudio.TestPlatform.CommandLine.TestRunResultAggregator., took 0 ms.
TpTrace Verbose: 0 : 46068, 4, 2024/01/08, 09:07:43.849, 16411798212766, vstest.console.dll, MulticastDelegateUtilities.SafeInvoke: InternalTestLoggerEvents.SendTestRunMessage: Invoking callback 1/1 for Microsoft.VisualStudio.TestPlatform.CommandLine.Internal.ConsoleLogger., took 0 ms.
TpTrace Information: 0 : 46068, 7, 2024/01/08, 09:07:43.849, 16411798212817, vstest.console.dll, TestRunRequest:SendTestRunMessage: Completed.
TpTrace Verbose: 0 : 46068, 7, 2024/01/08, 09:07:43.849, 16411798214157, vstest.console.dll, MulticastDelegateUtilities.SafeInvoke: LengthPrefixCommunicationChannel: MessageReceived: Invoking callback 1/1 for Microsoft.VisualStudio.TestPlatform.CommunicationUtilities.TestRequestSender+<>c__DisplayClass34_0., took 2 ms.
TpTrace Verbose: 0 : 46068, 7, 2024/01/08, 09:07:43.849, 16411798214591, vstest.console.dll, TcpClientExtensions.MessageLoopAsync: Polling on remoteEndPoint: 127.0.0.1:56188 localEndPoint: 127.0.0.1:56187
TpTrace Verbose: 0 : 46068, 5, 2024/01/08, 09:07:43.850, 16411798226411, vstest.console.dll, TestRequestSender.StartTestRun: Sending test run with message: {"Version":7,"MessageType":"TestExecution.StartWithSources","Payload":{"AdapterSourceMap":{"_none_":["C:\\Users\\CGardiner\\Documents\\Data_Structures_And_Algorithms_Proof\\AlgoWorld\\AlgoWorld\\AlgoWorldTestProject\\bin\\Debug\\fine-code-coverage-net6.0\\AlgoWorldTestProject.dll"]},"RunSettings":"<RunSettings>\r\n  <RunConfiguration>\r\n    <ResultsDirectory>C:\\Users\\CGardiner\\Documents\\Data_Structures_And_Algorithms_Proof\\AlgoWorld\\AlgoWorld\\AlgoWorldTestProject\\bin\\Debug\\net6.0\\fine-code-coverage\\coverage-tool-output</ResultsDirectory>\r\n    <TargetFrameworkVersion>.NETCoreApp,Version=v6.0</TargetFrameworkVersion>\r\n    <DesignMode>False</DesignMode>\r\n    <CollectSourceInformation>False</CollectSourceInformation>\r\n  </RunConfiguration>\r\n  <LoggerRunSettings>\r\n    <Loggers>\r\n      <Logger friendlyName=\"blame\" enabled=\"True\" />\r\n      <Logger friendlyName=\"Console\" uri=\"logger://microsoft/TestPlatform/ConsoleLogger/v1\" assemblyQualifiedName=\"Microsoft.VisualStudio.TestPlatform.CommandLine.Internal.ConsoleLogger, vstest.console, Version=15.0.0.0, Culture=neutral, PublicKeyToken=b03f5f7f11d50a3a\" codeBase=\"C:\\Program Files\\dotnet\\sdk\\7.0.404\\vstest.console.dll\" enabled=\"True\" />\r\n    </Loggers>\r\n  </LoggerRunSettings>\r\n  <DataCollectionRunSettings>\r\n    <DataCollectors>\r\n      <DataCollector friendlyName=\"blame\" enabled=\"True\">\r\n        <Configuration>\r\n          <ResultsDirectory>C:\\Users\\CGardiner\\Documents\\Data_Structures_And_Algorithms_Proof\\AlgoWorld\\AlgoWorld\\AlgoWorldTestProject\\bin\\Debug\\net6.0\\fine-code-coverage\\coverage-tool-output</ResultsDirectory>\r\n        </Configuration>\r\n      </DataCollector>\r\n    </DataCollectors>\r\n  </DataCollectionRunSettings>\r\n</RunSettings>","TestExecutionContext":{"FrequencyOfRunStatsChangeEvent":10,"RunStatsChangeEventTimeout":"00:00:01.5000000","InIsolation":false,"KeepAlive":false,"AreTestCaseLevelEventsRequired":false,"IsDebug":false,"TestCaseFilter":null,"FilterOptions":null},"Package":null}}
TpTrace Verbose: 0 : 46068, 5, 2024/01/08, 09:07:43.850, 16411798228257, vstest.console.dll, ParallelProxyExecutionManager.StartTestRunOnConcurrentManager: Execution started. Started clients: 1
TpTrace Verbose: 0 : 46068, 7, 2024/01/08, 09:07:43.956, 16411799286387, vstest.console.dll, TcpClientExtensions.MessageLoopAsync: NotifyDataAvailable remoteEndPoint: 127.0.0.1:56188 localEndPoint: 127.0.0.1:56187
TpTrace Verbose: 0 : 46068, 7, 2024/01/08, 09:07:43.956, 16411799288351, vstest.console.dll, TestRequestSender.OnExecutionMessageReceived: Received message: {"Version":7,"MessageType":"TestSession.Message","Payload":{"MessageLevel":0,"Message":"[xUnit.net 00:00:00.00] xUnit.net VSTest Adapter v2.4.5+1caef2f33e (64-bit .NET 6.0.25)"}}
TpTrace Verbose: 0 : 46068, 7, 2024/01/08, 09:07:43.957, 16411799291176, vstest.console.dll, TestRunRequest:SendTestRunMessage: Starting.
TpTrace Verbose: 0 : 46068, 7, 2024/01/08, 09:07:43.957, 16411799292013, vstest.console.dll, MulticastDelegateUtilities.SafeInvoke: TestRun.LogMessages: Invoking callback 1/1 for Microsoft.VisualStudio.TestPlatform.CommandLine.TestRunResultAggregator., took 0 ms.
TpTrace Information: 0 : 46068, 7, 2024/01/08, 09:07:43.957, 16411799292417, vstest.console.dll, TestRunRequest:SendTestRunMessage: Completed.
TpTrace Verbose: 0 : 46068, 4, 2024/01/08, 09:07:43.957, 16411799292485, vstest.console.dll, MulticastDelegateUtilities.SafeInvoke: InternalTestLoggerEvents.SendTestRunMessage: Invoking callback 1/1 for Microsoft.VisualStudio.TestPlatform.CommandLine.Internal.ConsoleLogger., took 0 ms.
TpTrace Verbose: 0 : 46068, 7, 2024/01/08, 09:07:43.957, 16411799294417, vstest.console.dll, MulticastDelegateUtilities.SafeInvoke: LengthPrefixCommunicationChannel: MessageReceived: Invoking callback 1/1 for Microsoft.VisualStudio.TestPlatform.CommunicationUtilities.TestRequestSender+<>c__DisplayClass34_0., took 0 ms.
TpTrace Verbose: 0 : 46068, 7, 2024/01/08, 09:07:43.957, 16411799295271, vstest.console.dll, TcpClientExtensions.MessageLoopAsync: Polling on remoteEndPoint: 127.0.0.1:56188 localEndPoint: 127.0.0.1:56187
TpTrace Verbose: 0 : 46068, 7, 2024/01/08, 09:07:44.241, 16411802134623, vstest.console.dll, TcpClientExtensions.MessageLoopAsync: NotifyDataAvailable remoteEndPoint: 127.0.0.1:56188 localEndPoint: 127.0.0.1:56187
TpTrace Verbose: 0 : 46068, 7, 2024/01/08, 09:07:44.241, 16411802136065, vstest.console.dll, TestRequestSender.OnExecutionMessageReceived: Received message: {"Version":7,"MessageType":"TestSession.Message","Payload":{"MessageLevel":0,"Message":"[xUnit.net 00:00:00.28]   Discovering: AlgoWorldTestProject"}}
TpTrace Verbose: 0 : 46068, 7, 2024/01/08, 09:07:44.241, 16411802137163, vstest.console.dll, TestRunRequest:SendTestRunMessage: Starting.
TpTrace Verbose: 0 : 46068, 7, 2024/01/08, 09:07:44.241, 16411802137495, vstest.console.dll, MulticastDelegateUtilities.SafeInvoke: TestRun.LogMessages: Invoking callback 1/1 for Microsoft.VisualStudio.TestPlatform.CommandLine.TestRunResultAggregator., took 0 ms.
TpTrace Information: 0 : 46068, 7, 2024/01/08, 09:07:44.241, 16411802137627, vstest.console.dll, TestRunRequest:SendTestRunMessage: Completed.
TpTrace Verbose: 0 : 46068, 7, 2024/01/08, 09:07:44.241, 16411802137744, vstest.console.dll, MulticastDelegateUtilities.SafeInvoke: LengthPrefixCommunicationChannel: MessageReceived: Invoking callback 1/1 for Microsoft.VisualStudio.TestPlatform.CommunicationUtilities.TestRequestSender+<>c__DisplayClass34_0., took 0 ms.
TpTrace Verbose: 0 : 46068, 7, 2024/01/08, 09:07:44.241, 16411802137906, vstest.console.dll, TcpClientExtensions.MessageLoopAsync: Polling on remoteEndPoint: 127.0.0.1:56188 localEndPoint: 127.0.0.1:56187
TpTrace Verbose: 0 : 46068, 4, 2024/01/08, 09:07:44.242, 16411802139048, vstest.console.dll, MulticastDelegateUtilities.SafeInvoke: InternalTestLoggerEvents.SendTestRunMessage: Invoking callback 1/1 for Microsoft.VisualStudio.TestPlatform.CommandLine.Internal.ConsoleLogger., took 0 ms.
TpTrace Verbose: 0 : 46068, 7, 2024/01/08, 09:07:44.264, 16411802363802, vstest.console.dll, TcpClientExtensions.MessageLoopAsync: NotifyDataAvailable remoteEndPoint: 127.0.0.1:56188 localEndPoint: 127.0.0.1:56187
TpTrace Verbose: 0 : 46068, 7, 2024/01/08, 09:07:44.264, 16411802364961, vstest.console.dll, TestRequestSender.OnExecutionMessageReceived: Received message: {"Version":7,"MessageType":"TestSession.Message","Payload":{"MessageLevel":0,"Message":"[xUnit.net 00:00:00.31]   Discovered:  AlgoWorldTestProject"}}
TpTrace Verbose: 0 : 46068, 7, 2024/01/08, 09:07:44.264, 16411802365833, vstest.console.dll, TestRunRequest:SendTestRunMessage: Starting.
TpTrace Verbose: 0 : 46068, 7, 2024/01/08, 09:07:44.264, 16411802366111, vstest.console.dll, MulticastDelegateUtilities.SafeInvoke: TestRun.LogMessages: Invoking callback 1/1 for Microsoft.VisualStudio.TestPlatform.CommandLine.TestRunResultAggregator., took 0 ms.
TpTrace Information: 0 : 46068, 7, 2024/01/08, 09:07:44.264, 16411802366226, vstest.console.dll, TestRunRequest:SendTestRunMessage: Completed.
TpTrace Verbose: 0 : 46068, 7, 2024/01/08, 09:07:44.264, 16411802366342, vstest.console.dll, MulticastDelegateUtilities.SafeInvoke: LengthPrefixCommunicationChannel: MessageReceived: Invoking callback 1/1 for Microsoft.VisualStudio.TestPlatform.CommunicationUtilities.TestRequestSender+<>c__DisplayClass34_0., took 0 ms.
TpTrace Verbose: 0 : 46068, 7, 2024/01/08, 09:07:44.264, 16411802366510, vstest.console.dll, TcpClientExtensions.MessageLoopAsync: Polling on remoteEndPoint: 127.0.0.1:56188 localEndPoint: 127.0.0.1:56187
TpTrace Verbose: 0 : 46068, 4, 2024/01/08, 09:07:44.264, 16411802366764, vstest.console.dll, MulticastDelegateUtilities.SafeInvoke: InternalTestLoggerEvents.SendTestRunMessage: Invoking callback 1/1 for Microsoft.VisualStudio.TestPlatform.CommandLine.Internal.ConsoleLogger., took 0 ms.
TpTrace Verbose: 0 : 46068, 7, 2024/01/08, 09:07:44.265, 16411802377491, vstest.console.dll, TcpClientExtensions.MessageLoopAsync: NotifyDataAvailable remoteEndPoint: 127.0.0.1:56188 localEndPoint: 127.0.0.1:56187
TpTrace Verbose: 0 : 46068, 7, 2024/01/08, 09:07:44.265, 16411802377759, vstest.console.dll, TestRequestSender.OnExecutionMessageReceived: Received message: {"Version":7,"MessageType":"TestSession.Message","Payload":{"MessageLevel":0,"Message":"[xUnit.net 00:00:00.31]   Starting:    AlgoWorldTestProject"}}
TpTrace Verbose: 0 : 46068, 7, 2024/01/08, 09:07:44.265, 16411802378053, vstest.console.dll, TestRunRequest:SendTestRunMessage: Starting.
TpTrace Verbose: 0 : 46068, 7, 2024/01/08, 09:07:44.265, 16411802378183, vstest.console.dll, MulticastDelegateUtilities.SafeInvoke: TestRun.LogMessages: Invoking callback 1/1 for Microsoft.VisualStudio.TestPlatform.CommandLine.TestRunResultAggregator., took 0 ms.
TpTrace Information: 0 : 46068, 7, 2024/01/08, 09:07:44.265, 16411802378320, vstest.console.dll, TestRunRequest:SendTestRunMessage: Completed.
TpTrace Verbose: 0 : 46068, 7, 2024/01/08, 09:07:44.265, 16411802378440, vstest.console.dll, MulticastDelegateUtilities.SafeInvoke: LengthPrefixCommunicationChannel: MessageReceived: Invoking callback 1/1 for Microsoft.VisualStudio.TestPlatform.CommunicationUtilities.TestRequestSender+<>c__DisplayClass34_0., took 0 ms.
TpTrace Verbose: 0 : 46068, 7, 2024/01/08, 09:07:44.265, 16411802378577, vstest.console.dll, TcpClientExtensions.MessageLoopAsync: Polling on remoteEndPoint: 127.0.0.1:56188 localEndPoint: 127.0.0.1:56187
TpTrace Verbose: 0 : 46068, 4, 2024/01/08, 09:07:44.265, 16411802378632, vstest.console.dll, MulticastDelegateUtilities.SafeInvoke: InternalTestLoggerEvents.SendTestRunMessage: Invoking callback 1/1 for Microsoft.VisualStudio.TestPlatform.CommandLine.Internal.ConsoleLogger., took 0 ms.
TpTrace Verbose: 0 : 46068, 7, 2024/01/08, 09:07:44.427, 16411803990629, vstest.console.dll, TcpClientExtensions.MessageLoopAsync: NotifyDataAvailable remoteEndPoint: 127.0.0.1:56188 localEndPoint: 127.0.0.1:56187
TpTrace Verbose: 0 : 46068, 7, 2024/01/08, 09:07:44.427, 16411803992147, vstest.console.dll, TestRequestSender.OnExecutionMessageReceived: Received message: {"Version":7,"MessageType":"TestSession.Message","Payload":{"MessageLevel":2,"Message":"[xUnit.net 00:00:00.47]     AlgoWorldTestProject.FirstAlgorithmRunnerTests.ShouldReturnTrueWhenThereAreDuplicateNames [FAIL]"}}
TpTrace Verbose: 0 : 46068, 7, 2024/01/08, 09:07:44.427, 16411803993493, vstest.console.dll, TestRunRequest:SendTestRunMessage: Starting.
TpTrace Verbose: 0 : 46068, 7, 2024/01/08, 09:07:44.427, 16411803994039, vstest.console.dll, MulticastDelegateUtilities.SafeInvoke: TestRun.LogMessages: Invoking callback 1/1 for Microsoft.VisualStudio.TestPlatform.CommandLine.TestRunResultAggregator., took 0 ms.
TpTrace Information: 0 : 46068, 7, 2024/01/08, 09:07:44.427, 16411803994296, vstest.console.dll, TestRunRequest:SendTestRunMessage: Completed.
TpTrace Verbose: 0 : 46068, 7, 2024/01/08, 09:07:44.427, 16411803994550, vstest.console.dll, MulticastDelegateUtilities.SafeInvoke: LengthPrefixCommunicationChannel: MessageReceived: Invoking callback 1/1 for Microsoft.VisualStudio.TestPlatform.CommunicationUtilities.TestRequestSender+<>c__DisplayClass34_0., took 0 ms.
TpTrace Verbose: 0 : 46068, 7, 2024/01/08, 09:07:44.427, 16411803994863, vstest.console.dll, TcpClientExtensions.MessageLoopAsync: Polling on remoteEndPoint: 127.0.0.1:56188 localEndPoint: 127.0.0.1:56187
TpTrace Verbose: 0 : 46068, 4, 2024/01/08, 09:07:44.427, 16411803995849, vstest.console.dll, MulticastDelegateUtilities.SafeInvoke: InternalTestLoggerEvents.SendTestRunMessage: Invoking callback 1/1 for Microsoft.VisualStudio.TestPlatform.CommandLine.Internal.ConsoleLogger., took 0 ms.
TpTrace Verbose: 0 : 46068, 7, 2024/01/08, 09:07:44.427, 16411803998586, vstest.console.dll, TcpClientExtensions.MessageLoopAsync: NotifyDataAvailable remoteEndPoint: 127.0.0.1:56188 localEndPoint: 127.0.0.1:56187
TpTrace Verbose: 0 : 46068, 7, 2024/01/08, 09:07:44.428, 16411803999372, vstest.console.dll, TestRequestSender.OnExecutionMessageReceived: Received message: {"Version":7,"MessageType":"TestSession.Message","Payload":{"MessageLevel":0,"Message":"[xUnit.net 00:00:00.47]       Expected value to be true, but found False."}}
TpTrace Verbose: 0 : 46068, 7, 2024/01/08, 09:07:44.428, 16411804000168, vstest.console.dll, TestRunRequest:SendTestRunMessage: Starting.
TpTrace Verbose: 0 : 46068, 7, 2024/01/08, 09:07:44.428, 16411804000577, vstest.console.dll, MulticastDelegateUtilities.SafeInvoke: TestRun.LogMessages: Invoking callback 1/1 for Microsoft.VisualStudio.TestPlatform.CommandLine.TestRunResultAggregator., took 0 ms.
TpTrace Verbose: 0 : 46068, 4, 2024/01/08, 09:07:44.428, 16411804000749, vstest.console.dll, MulticastDelegateUtilities.SafeInvoke: InternalTestLoggerEvents.SendTestRunMessage: Invoking callback 1/1 for Microsoft.VisualStudio.TestPlatform.CommandLine.Internal.ConsoleLogger., took 0 ms.
TpTrace Information: 0 : 46068, 7, 2024/01/08, 09:07:44.428, 16411804000824, vstest.console.dll, TestRunRequest:SendTestRunMessage: Completed.
TpTrace Verbose: 0 : 46068, 7, 2024/01/08, 09:07:44.428, 16411804002114, vstest.console.dll, MulticastDelegateUtilities.SafeInvoke: LengthPrefixCommunicationChannel: MessageReceived: Invoking callback 1/1 for Microsoft.VisualStudio.TestPlatform.CommunicationUtilities.TestRequestSender+<>c__DisplayClass34_0., took 0 ms.
TpTrace Verbose: 0 : 46068, 7, 2024/01/08, 09:07:44.428, 16411804002494, vstest.console.dll, TcpClientExtensions.MessageLoopAsync: Polling on remoteEndPoint: 127.0.0.1:56188 localEndPoint: 127.0.0.1:56187
TpTrace Verbose: 0 : 46068, 7, 2024/01/08, 09:07:44.428, 16411804003615, vstest.console.dll, TcpClientExtensions.MessageLoopAsync: NotifyDataAvailable remoteEndPoint: 127.0.0.1:56188 localEndPoint: 127.0.0.1:56187
TpTrace Verbose: 0 : 46068, 7, 2024/01/08, 09:07:44.428, 16411804004316, vstest.console.dll, TestRequestSender.OnExecutionMessageReceived: Received message: {"Version":7,"MessageType":"TestSession.Message","Payload":{"MessageLevel":0,"Message":"[xUnit.net 00:00:00.47]       Stack Trace:"}}
TpTrace Verbose: 0 : 46068, 7, 2024/01/08, 09:07:44.428, 16411804005013, vstest.console.dll, TestRunRequest:SendTestRunMessage: Starting.
TpTrace Verbose: 0 : 46068, 7, 2024/01/08, 09:07:44.428, 16411804005445, vstest.console.dll, MulticastDelegateUtilities.SafeInvoke: TestRun.LogMessages: Invoking callback 1/1 for Microsoft.VisualStudio.TestPlatform.CommandLine.TestRunResultAggregator., took 0 ms.
TpTrace Information: 0 : 46068, 7, 2024/01/08, 09:07:44.428, 16411804005691, vstest.console.dll, TestRunRequest:SendTestRunMessage: Completed.
TpTrace Verbose: 0 : 46068, 4, 2024/01/08, 09:07:44.428, 16411804005534, vstest.console.dll, MulticastDelegateUtilities.SafeInvoke: InternalTestLoggerEvents.SendTestRunMessage: Invoking callback 1/1 for Microsoft.VisualStudio.TestPlatform.CommandLine.Internal.ConsoleLogger., took 0 ms.
TpTrace Verbose: 0 : 46068, 7, 2024/01/08, 09:07:44.428, 16411804005935, vstest.console.dll, MulticastDelegateUtilities.SafeInvoke: LengthPrefixCommunicationChannel: MessageReceived: Invoking callback 1/1 for Microsoft.VisualStudio.TestPlatform.CommunicationUtilities.TestRequestSender+<>c__DisplayClass34_0., took 0 ms.
TpTrace Verbose: 0 : 46068, 7, 2024/01/08, 09:07:44.428, 16411804006962, vstest.console.dll, TcpClientExtensions.MessageLoopAsync: Polling on remoteEndPoint: 127.0.0.1:56188 localEndPoint: 127.0.0.1:56187
TpTrace Verbose: 0 : 46068, 7, 2024/01/08, 09:07:44.428, 16411804008306, vstest.console.dll, TcpClientExtensions.MessageLoopAsync: NotifyDataAvailable remoteEndPoint: 127.0.0.1:56188 localEndPoint: 127.0.0.1:56187
TpTrace Verbose: 0 : 46068, 7, 2024/01/08, 09:07:44.429, 16411804008851, vstest.console.dll, TestRequestSender.OnExecutionMessageReceived: Received message: {"Version":7,"MessageType":"TestSession.Message","Payload":{"MessageLevel":0,"Message":"[xUnit.net 00:00:00.47]            at FluentAssertions.Execution.XUnit2TestFramework.Throw(String message)"}}
TpTrace Verbose: 0 : 46068, 7, 2024/01/08, 09:07:44.429, 16411804009491, vstest.console.dll, TestRunRequest:SendTestRunMessage: Starting.
TpTrace Verbose: 0 : 46068, 7, 2024/01/08, 09:07:44.429, 16411804009957, vstest.console.dll, MulticastDelegateUtilities.SafeInvoke: TestRun.LogMessages: Invoking callback 1/1 for Microsoft.VisualStudio.TestPlatform.CommandLine.TestRunResultAggregator., took 0 ms.
TpTrace Verbose: 0 : 46068, 4, 2024/01/08, 09:07:44.429, 16411804010026, vstest.console.dll, MulticastDelegateUtilities.SafeInvoke: InternalTestLoggerEvents.SendTestRunMessage: Invoking callback 1/1 for Microsoft.VisualStudio.TestPlatform.CommandLine.Internal.ConsoleLogger., took 0 ms.
TpTrace Information: 0 : 46068, 7, 2024/01/08, 09:07:44.429, 16411804010411, vstest.console.dll, TestRunRequest:SendTestRunMessage: Completed.
TpTrace Verbose: 0 : 46068, 7, 2024/01/08, 09:07:44.429, 16411804011936, vstest.console.dll, MulticastDelegateUtilities.SafeInvoke: LengthPrefixCommunicationChannel: MessageReceived: Invoking callback 1/1 for Microsoft.VisualStudio.TestPlatform.CommunicationUtilities.TestRequestSender+<>c__DisplayClass34_0., took 0 ms.
TpTrace Verbose: 0 : 46068, 7, 2024/01/08, 09:07:44.429, 16411804012367, vstest.console.dll, TcpClientExtensions.MessageLoopAsync: Polling on remoteEndPoint: 127.0.0.1:56188 localEndPoint: 127.0.0.1:56187
TpTrace Verbose: 0 : 46068, 7, 2024/01/08, 09:07:44.429, 16411804012686, vstest.console.dll, TcpClientExtensions.MessageLoopAsync: NotifyDataAvailable remoteEndPoint: 127.0.0.1:56188 localEndPoint: 127.0.0.1:56187
TpTrace Verbose: 0 : 46068, 7, 2024/01/08, 09:07:44.429, 16411804013299, vstest.console.dll, TestRequestSender.OnExecutionMessageReceived: Received message: {"Version":7,"MessageType":"TestSession.Message","Payload":{"MessageLevel":0,"Message":"[xUnit.net 00:00:00.47]            at FluentAssertions.Execution.TestFrameworkProvider.Throw(String message)"}}
TpTrace Verbose: 0 : 46068, 7, 2024/01/08, 09:07:44.429, 16411804013813, vstest.console.dll, TestRunRequest:SendTestRunMessage: Starting.
TpTrace Verbose: 0 : 46068, 7, 2024/01/08, 09:07:44.429, 16411804014002, vstest.console.dll, MulticastDelegateUtilities.SafeInvoke: TestRun.LogMessages: Invoking callback 1/1 for Microsoft.VisualStudio.TestPlatform.CommandLine.TestRunResultAggregator., took 0 ms.
TpTrace Information: 0 : 46068, 7, 2024/01/08, 09:07:44.429, 16411804014114, vstest.console.dll, TestRunRequest:SendTestRunMessage: Completed.
TpTrace Verbose: 0 : 46068, 7, 2024/01/08, 09:07:44.429, 16411804014230, vstest.console.dll, MulticastDelegateUtilities.SafeInvoke: LengthPrefixCommunicationChannel: MessageReceived: Invoking callback 1/1 for Microsoft.VisualStudio.TestPlatform.CommunicationUtilities.TestRequestSender+<>c__DisplayClass34_0., took 0 ms.
TpTrace Verbose: 0 : 46068, 4, 2024/01/08, 09:07:44.429, 16411804014236, vstest.console.dll, MulticastDelegateUtilities.SafeInvoke: InternalTestLoggerEvents.SendTestRunMessage: Invoking callback 1/1 for Microsoft.VisualStudio.TestPlatform.CommandLine.Internal.ConsoleLogger., took 0 ms.
TpTrace Verbose: 0 : 46068, 7, 2024/01/08, 09:07:44.429, 16411804014414, vstest.console.dll, TcpClientExtensions.MessageLoopAsync: Polling on remoteEndPoint: 127.0.0.1:56188 localEndPoint: 127.0.0.1:56187
TpTrace Verbose: 0 : 46068, 7, 2024/01/08, 09:07:44.429, 16411804015168, vstest.console.dll, TcpClientExtensions.MessageLoopAsync: NotifyDataAvailable remoteEndPoint: 127.0.0.1:56188 localEndPoint: 127.0.0.1:56187
TpTrace Verbose: 0 : 46068, 7, 2024/01/08, 09:07:44.429, 16411804015731, vstest.console.dll, TestRequestSender.OnExecutionMessageReceived: Received message: {"Version":7,"MessageType":"TestSession.Message","Payload":{"MessageLevel":0,"Message":"[xUnit.net 00:00:00.47]            at FluentAssertions.Execution.DefaultAssertionStrategy.HandleFailure(String message)"}}
TpTrace Verbose: 0 : 46068, 7, 2024/01/08, 09:07:44.429, 16411804016364, vstest.console.dll, TestRunRequest:SendTestRunMessage: Starting.
TpTrace Verbose: 0 : 46068, 7, 2024/01/08, 09:07:44.429, 16411804016729, vstest.console.dll, MulticastDelegateUtilities.SafeInvoke: TestRun.LogMessages: Invoking callback 1/1 for Microsoft.VisualStudio.TestPlatform.CommandLine.TestRunResultAggregator., took 0 ms.
TpTrace Verbose: 0 : 46068, 4, 2024/01/08, 09:07:44.429, 16411804016842, vstest.console.dll, MulticastDelegateUtilities.SafeInvoke: InternalTestLoggerEvents.SendTestRunMessage: Invoking callback 1/1 for Microsoft.VisualStudio.TestPlatform.CommandLine.Internal.ConsoleLogger., took 0 ms.
TpTrace Information: 0 : 46068, 7, 2024/01/08, 09:07:44.429, 16411804016958, vstest.console.dll, TestRunRequest:SendTestRunMessage: Completed.
TpTrace Verbose: 0 : 46068, 7, 2024/01/08, 09:07:44.429, 16411804017870, vstest.console.dll, MulticastDelegateUtilities.SafeInvoke: LengthPrefixCommunicationChannel: MessageReceived: Invoking callback 1/1 for Microsoft.VisualStudio.TestPlatform.CommunicationUtilities.TestRequestSender+<>c__DisplayClass34_0., took 0 ms.
TpTrace Verbose: 0 : 46068, 7, 2024/01/08, 09:07:44.429, 16411804018236, vstest.console.dll, TcpClientExtensions.MessageLoopAsync: Polling on remoteEndPoint: 127.0.0.1:56188 localEndPoint: 127.0.0.1:56187
TpTrace Verbose: 0 : 46068, 7, 2024/01/08, 09:07:44.429, 16411804018551, vstest.console.dll, TcpClientExtensions.MessageLoopAsync: NotifyDataAvailable remoteEndPoint: 127.0.0.1:56188 localEndPoint: 127.0.0.1:56187
TpTrace Verbose: 0 : 46068, 7, 2024/01/08, 09:07:44.430, 16411804019165, vstest.console.dll, TestRequestSender.OnExecutionMessageReceived: Received message: {"Version":7,"MessageType":"TestSession.Message","Payload":{"MessageLevel":0,"Message":"[xUnit.net 00:00:00.47]            at FluentAssertions.Execution.AssertionScope.FailWith(Func`1 failReasonFunc)"}}
TpTrace Verbose: 0 : 46068, 7, 2024/01/08, 09:07:44.430, 16411804019860, vstest.console.dll, TestRunRequest:SendTestRunMessage: Starting.
TpTrace Verbose: 0 : 46068, 7, 2024/01/08, 09:07:44.430, 16411804020255, vstest.console.dll, MulticastDelegateUtilities.SafeInvoke: TestRun.LogMessages: Invoking callback 1/1 for Microsoft.VisualStudio.TestPlatform.CommandLine.TestRunResultAggregator., took 0 ms.
TpTrace Information: 0 : 46068, 7, 2024/01/08, 09:07:44.430, 16411804020499, vstest.console.dll, TestRunRequest:SendTestRunMessage: Completed.
TpTrace Verbose: 0 : 46068, 4, 2024/01/08, 09:07:44.430, 16411804020344, vstest.console.dll, MulticastDelegateUtilities.SafeInvoke: InternalTestLoggerEvents.SendTestRunMessage: Invoking callback 1/1 for Microsoft.VisualStudio.TestPlatform.CommandLine.Internal.ConsoleLogger., took 0 ms.
TpTrace Verbose: 0 : 46068, 7, 2024/01/08, 09:07:44.430, 16411804020738, vstest.console.dll, MulticastDelegateUtilities.SafeInvoke: LengthPrefixCommunicationChannel: MessageReceived: Invoking callback 1/1 for Microsoft.VisualStudio.TestPlatform.CommunicationUtilities.TestRequestSender+<>c__DisplayClass34_0., took 0 ms.
TpTrace Verbose: 0 : 46068, 7, 2024/01/08, 09:07:44.430, 16411804021268, vstest.console.dll, TcpClientExtensions.MessageLoopAsync: Polling on remoteEndPoint: 127.0.0.1:56188 localEndPoint: 127.0.0.1:56187
TpTrace Verbose: 0 : 46068, 7, 2024/01/08, 09:07:44.430, 16411804021538, vstest.console.dll, TcpClientExtensions.MessageLoopAsync: NotifyDataAvailable remoteEndPoint: 127.0.0.1:56188 localEndPoint: 127.0.0.1:56187
TpTrace Verbose: 0 : 46068, 7, 2024/01/08, 09:07:44.430, 16411804021953, vstest.console.dll, TestRequestSender.OnExecutionMessageReceived: Received message: {"Version":7,"MessageType":"TestSession.Message","Payload":{"MessageLevel":0,"Message":"[xUnit.net 00:00:00.47]            at FluentAssertions.Execution.AssertionScope.FailWith(Func`1 failReasonFunc)"}}
TpTrace Verbose: 0 : 46068, 7, 2024/01/08, 09:07:44.430, 16411804022540, vstest.console.dll, TestRunRequest:SendTestRunMessage: Starting.
TpTrace Verbose: 0 : 46068, 7, 2024/01/08, 09:07:44.430, 16411804022907, vstest.console.dll, MulticastDelegateUtilities.SafeInvoke: TestRun.LogMessages: Invoking callback 1/1 for Microsoft.VisualStudio.TestPlatform.CommandLine.TestRunResultAggregator., took 0 ms.
TpTrace Information: 0 : 46068, 7, 2024/01/08, 09:07:44.430, 16411804023144, vstest.console.dll, TestRunRequest:SendTestRunMessage: Completed.
TpTrace Verbose: 0 : 46068, 4, 2024/01/08, 09:07:44.430, 16411804022995, vstest.console.dll, MulticastDelegateUtilities.SafeInvoke: InternalTestLoggerEvents.SendTestRunMessage: Invoking callback 1/1 for Microsoft.VisualStudio.TestPlatform.CommandLine.Internal.ConsoleLogger., took 0 ms.
TpTrace Verbose: 0 : 46068, 7, 2024/01/08, 09:07:44.430, 16411804023371, vstest.console.dll, MulticastDelegateUtilities.SafeInvoke: LengthPrefixCommunicationChannel: MessageReceived: Invoking callback 1/1 for Microsoft.VisualStudio.TestPlatform.CommunicationUtilities.TestRequestSender+<>c__DisplayClass34_0., took 0 ms.
TpTrace Verbose: 0 : 46068, 7, 2024/01/08, 09:07:44.430, 16411804023861, vstest.console.dll, TcpClientExtensions.MessageLoopAsync: Polling on remoteEndPoint: 127.0.0.1:56188 localEndPoint: 127.0.0.1:56187
TpTrace Verbose: 0 : 46068, 7, 2024/01/08, 09:07:44.430, 16411804024155, vstest.console.dll, TcpClientExtensions.MessageLoopAsync: NotifyDataAvailable remoteEndPoint: 127.0.0.1:56188 localEndPoint: 127.0.0.1:56187
TpTrace Verbose: 0 : 46068, 7, 2024/01/08, 09:07:44.430, 16411804024589, vstest.console.dll, TestRequestSender.OnExecutionMessageReceived: Received message: {"Version":7,"MessageType":"TestSession.Message","Payload":{"MessageLevel":0,"Message":"[xUnit.net 00:00:00.47]            at FluentAssertions.Execution.AssertionScope.FailWith(String message, Object[] args)"}}
TpTrace Verbose: 0 : 46068, 7, 2024/01/08, 09:07:44.430, 16411804025117, vstest.console.dll, TestRunRequest:SendTestRunMessage: Starting.
TpTrace Verbose: 0 : 46068, 7, 2024/01/08, 09:07:44.430, 16411804025449, vstest.console.dll, MulticastDelegateUtilities.SafeInvoke: TestRun.LogMessages: Invoking callback 1/1 for Microsoft.VisualStudio.TestPlatform.CommandLine.TestRunResultAggregator., took 0 ms.
TpTrace Verbose: 0 : 46068, 4, 2024/01/08, 09:07:44.430, 16411804025608, vstest.console.dll, MulticastDelegateUtilities.SafeInvoke: InternalTestLoggerEvents.SendTestRunMessage: Invoking callback 1/1 for Microsoft.VisualStudio.TestPlatform.CommandLine.Internal.ConsoleLogger., took 0 ms.
TpTrace Information: 0 : 46068, 7, 2024/01/08, 09:07:44.430, 16411804025672, vstest.console.dll, TestRunRequest:SendTestRunMessage: Completed.
TpTrace Verbose: 0 : 46068, 7, 2024/01/08, 09:07:44.430, 16411804026184, vstest.console.dll, MulticastDelegateUtilities.SafeInvoke: LengthPrefixCommunicationChannel: MessageReceived: Invoking callback 1/1 for Microsoft.VisualStudio.TestPlatform.CommunicationUtilities.TestRequestSender+<>c__DisplayClass34_0., took 0 ms.
TpTrace Verbose: 0 : 46068, 7, 2024/01/08, 09:07:44.430, 16411804026452, vstest.console.dll, TcpClientExtensions.MessageLoopAsync: Polling on remoteEndPoint: 127.0.0.1:56188 localEndPoint: 127.0.0.1:56187
TpTrace Verbose: 0 : 46068, 7, 2024/01/08, 09:07:44.430, 16411804026704, vstest.console.dll, TcpClientExtensions.MessageLoopAsync: NotifyDataAvailable remoteEndPoint: 127.0.0.1:56188 localEndPoint: 127.0.0.1:56187
TpTrace Verbose: 0 : 46068, 7, 2024/01/08, 09:07:44.430, 16411804027107, vstest.console.dll, TestRequestSender.OnExecutionMessageReceived: Received message: {"Version":7,"MessageType":"TestSession.Message","Payload":{"MessageLevel":0,"Message":"[xUnit.net 00:00:00.47]            at FluentAssertions.Primitives.BooleanAssertions`1.BeTrue(String because, Object[] becauseArgs)"}}
TpTrace Verbose: 0 : 46068, 7, 2024/01/08, 09:07:44.430, 16411804027610, vstest.console.dll, TestRunRequest:SendTestRunMessage: Starting.
TpTrace Verbose: 0 : 46068, 7, 2024/01/08, 09:07:44.430, 16411804027940, vstest.console.dll, MulticastDelegateUtilities.SafeInvoke: TestRun.LogMessages: Invoking callback 1/1 for Microsoft.VisualStudio.TestPlatform.CommandLine.TestRunResultAggregator., took 0 ms.
TpTrace Verbose: 0 : 46068, 4, 2024/01/08, 09:07:44.430, 16411804028027, vstest.console.dll, MulticastDelegateUtilities.SafeInvoke: InternalTestLoggerEvents.SendTestRunMessage: Invoking callback 1/1 for Microsoft.VisualStudio.TestPlatform.CommandLine.Internal.ConsoleLogger., took 0 ms.
TpTrace Information: 0 : 46068, 7, 2024/01/08, 09:07:44.430, 16411804028177, vstest.console.dll, TestRunRequest:SendTestRunMessage: Completed.
TpTrace Verbose: 0 : 46068, 7, 2024/01/08, 09:07:44.431, 16411804029307, vstest.console.dll, MulticastDelegateUtilities.SafeInvoke: LengthPrefixCommunicationChannel: MessageReceived: Invoking callback 1/1 for Microsoft.VisualStudio.TestPlatform.CommunicationUtilities.TestRequestSender+<>c__DisplayClass34_0., took 0 ms.
TpTrace Verbose: 0 : 46068, 7, 2024/01/08, 09:07:44.431, 16411804029590, vstest.console.dll, TcpClientExtensions.MessageLoopAsync: Polling on remoteEndPoint: 127.0.0.1:56188 localEndPoint: 127.0.0.1:56187
TpTrace Verbose: 0 : 46068, 7, 2024/01/08, 09:07:44.431, 16411804029880, vstest.console.dll, TcpClientExtensions.MessageLoopAsync: NotifyDataAvailable remoteEndPoint: 127.0.0.1:56188 localEndPoint: 127.0.0.1:56187
TpTrace Verbose: 0 : 46068, 7, 2024/01/08, 09:07:44.431, 16411804030447, vstest.console.dll, TestRequestSender.OnExecutionMessageReceived: Received message: {"Version":7,"MessageType":"TestSession.Message","Payload":{"MessageLevel":0,"Message":"[xUnit.net 00:00:00.47]         C:\\Users\\CGardiner\\Documents\\Data_Structures_And_Algorithms_Proof\\AlgoWorld\\AlgoWorld\\AlgoWorldTestProject\\FirstAlgorithmRunnerTests.cs(27,0): at AlgoWorldTestProject.FirstAlgorithmRunnerTests.ShouldReturnTrueWhenThereAreDuplicateNames()"}}
TpTrace Verbose: 0 : 46068, 7, 2024/01/08, 09:07:44.431, 16411804031102, vstest.console.dll, TestRunRequest:SendTestRunMessage: Starting.
TpTrace Verbose: 0 : 46068, 7, 2024/01/08, 09:07:44.431, 16411804031485, vstest.console.dll, MulticastDelegateUtilities.SafeInvoke: TestRun.LogMessages: Invoking callback 1/1 for Microsoft.VisualStudio.TestPlatform.CommandLine.TestRunResultAggregator., took 0 ms.
TpTrace Verbose: 0 : 46068, 4, 2024/01/08, 09:07:44.431, 16411804031590, vstest.console.dll, MulticastDelegateUtilities.SafeInvoke: InternalTestLoggerEvents.SendTestRunMessage: Invoking callback 1/1 for Microsoft.VisualStudio.TestPlatform.CommandLine.Internal.ConsoleLogger., took 0 ms.
TpTrace Information: 0 : 46068, 7, 2024/01/08, 09:07:44.431, 16411804032309, vstest.console.dll, TestRunRequest:SendTestRunMessage: Completed.
TpTrace Verbose: 0 : 46068, 7, 2024/01/08, 09:07:44.431, 16411804032721, vstest.console.dll, MulticastDelegateUtilities.SafeInvoke: LengthPrefixCommunicationChannel: MessageReceived: Invoking callback 1/1 for Microsoft.VisualStudio.TestPlatform.CommunicationUtilities.TestRequestSender+<>c__DisplayClass34_0., took 0 ms.
TpTrace Verbose: 0 : 46068, 7, 2024/01/08, 09:07:44.431, 16411804032978, vstest.console.dll, TcpClientExtensions.MessageLoopAsync: Polling on remoteEndPoint: 127.0.0.1:56188 localEndPoint: 127.0.0.1:56187
TpTrace Verbose: 0 : 46068, 7, 2024/01/08, 09:07:44.446, 16411804188473, vstest.console.dll, TcpClientExtensions.MessageLoopAsync: NotifyDataAvailable remoteEndPoint: 127.0.0.1:56188 localEndPoint: 127.0.0.1:56187
TpTrace Verbose: 0 : 46068, 7, 2024/01/08, 09:07:44.447, 16411804189821, vstest.console.dll, TestRequestSender.OnExecutionMessageReceived: Received message: {"Version":7,"MessageType":"TestSession.Message","Payload":{"MessageLevel":2,"Message":"[xUnit.net 00:00:00.49]     AlgoWorldTestProject.FirstAlgorithmRunnerTests.ShouldReturnFalseInNormalRun [FAIL]"}}
TpTrace Verbose: 0 : 46068, 7, 2024/01/08, 09:07:44.447, 16411804191195, vstest.console.dll, TestRunRequest:SendTestRunMessage: Starting.
TpTrace Verbose: 0 : 46068, 7, 2024/01/08, 09:07:44.447, 16411804191752, vstest.console.dll, MulticastDelegateUtilities.SafeInvoke: TestRun.LogMessages: Invoking callback 1/1 for Microsoft.VisualStudio.TestPlatform.CommandLine.TestRunResultAggregator., took 0 ms.
TpTrace Verbose: 0 : 46068, 4, 2024/01/08, 09:07:44.447, 16411804192332, vstest.console.dll, MulticastDelegateUtilities.SafeInvoke: InternalTestLoggerEvents.SendTestRunMessage: Invoking callback 1/1 for Microsoft.VisualStudio.TestPlatform.CommandLine.Internal.ConsoleLogger., took 0 ms.
TpTrace Information: 0 : 46068, 7, 2024/01/08, 09:07:44.447, 16411804193146, vstest.console.dll, TestRunRequest:SendTestRunMessage: Completed.
TpTrace Verbose: 0 : 46068, 7, 2024/01/08, 09:07:44.447, 16411804194388, vstest.console.dll, MulticastDelegateUtilities.SafeInvoke: LengthPrefixCommunicationChannel: MessageReceived: Invoking callback 1/1 for Microsoft.VisualStudio.TestPlatform.CommunicationUtilities.TestRequestSender+<>c__DisplayClass34_0., took 0 ms.
TpTrace Verbose: 0 : 46068, 7, 2024/01/08, 09:07:44.447, 16411804194726, vstest.console.dll, TcpClientExtensions.MessageLoopAsync: Polling on remoteEndPoint: 127.0.0.1:56188 localEndPoint: 127.0.0.1:56187
TpTrace Verbose: 0 : 46068, 7, 2024/01/08, 09:07:44.447, 16411804195196, vstest.console.dll, TcpClientExtensions.MessageLoopAsync: NotifyDataAvailable remoteEndPoint: 127.0.0.1:56188 localEndPoint: 127.0.0.1:56187
TpTrace Verbose: 0 : 46068, 7, 2024/01/08, 09:07:44.447, 16411804195908, vstest.console.dll, TestRequestSender.OnExecutionMessageReceived: Received message: {"Version":7,"MessageType":"TestSession.Message","Payload":{"MessageLevel":0,"Message":"[xUnit.net 00:00:00.49]       Expected value to be false, but found True."}}
TpTrace Verbose: 0 : 46068, 7, 2024/01/08, 09:07:44.447, 16411804196760, vstest.console.dll, TestRunRequest:SendTestRunMessage: Starting.
TpTrace Verbose: 0 : 46068, 7, 2024/01/08, 09:07:44.447, 16411804197835, vstest.console.dll, MulticastDelegateUtilities.SafeInvoke: TestRun.LogMessages: Invoking callback 1/1 for Microsoft.VisualStudio.TestPlatform.CommandLine.TestRunResultAggregator., took 0 ms.
TpTrace Information: 0 : 46068, 7, 2024/01/08, 09:07:44.447, 16411804198408, vstest.console.dll, TestRunRequest:SendTestRunMessage: Completed.
TpTrace Verbose: 0 : 46068, 7, 2024/01/08, 09:07:44.447, 16411804198591, vstest.console.dll, MulticastDelegateUtilities.SafeInvoke: LengthPrefixCommunicationChannel: MessageReceived: Invoking callback 1/1 for Microsoft.VisualStudio.TestPlatform.CommunicationUtilities.TestRequestSender+<>c__DisplayClass34_0., took 0 ms.
TpTrace Verbose: 0 : 46068, 4, 2024/01/08, 09:07:44.447, 16411804197874, vstest.console.dll, MulticastDelegateUtilities.SafeInvoke: InternalTestLoggerEvents.SendTestRunMessage: Invoking callback 1/1 for Microsoft.VisualStudio.TestPlatform.CommandLine.Internal.ConsoleLogger., took 0 ms.
TpTrace Verbose: 0 : 46068, 7, 2024/01/08, 09:07:44.448, 16411804198724, vstest.console.dll, TcpClientExtensions.MessageLoopAsync: Polling on remoteEndPoint: 127.0.0.1:56188 localEndPoint: 127.0.0.1:56187
TpTrace Verbose: 0 : 46068, 7, 2024/01/08, 09:07:44.448, 16411804199414, vstest.console.dll, TcpClientExtensions.MessageLoopAsync: NotifyDataAvailable remoteEndPoint: 127.0.0.1:56188 localEndPoint: 127.0.0.1:56187
TpTrace Verbose: 0 : 46068, 7, 2024/01/08, 09:07:44.448, 16411804199741, vstest.console.dll, TestRequestSender.OnExecutionMessageReceived: Received message: {"Version":7,"MessageType":"TestSession.Message","Payload":{"MessageLevel":0,"Message":"[xUnit.net 00:00:00.49]       Stack Trace:"}}
TpTrace Verbose: 0 : 46068, 7, 2024/01/08, 09:07:44.448, 16411804200680, vstest.console.dll, TestRunRequest:SendTestRunMessage: Starting.
TpTrace Verbose: 0 : 46068, 7, 2024/01/08, 09:07:44.448, 16411804200874, vstest.console.dll, MulticastDelegateUtilities.SafeInvoke: TestRun.LogMessages: Invoking callback 1/1 for Microsoft.VisualStudio.TestPlatform.CommandLine.TestRunResultAggregator., took 0 ms.
TpTrace Information: 0 : 46068, 7, 2024/01/08, 09:07:44.448, 16411804200980, vstest.console.dll, TestRunRequest:SendTestRunMessage: Completed.
TpTrace Verbose: 0 : 46068, 7, 2024/01/08, 09:07:44.448, 16411804201084, vstest.console.dll, MulticastDelegateUtilities.SafeInvoke: LengthPrefixCommunicationChannel: MessageReceived: Invoking callback 1/1 for Microsoft.VisualStudio.TestPlatform.CommunicationUtilities.TestRequestSender+<>c__DisplayClass34_0., took 0 ms.
TpTrace Verbose: 0 : 46068, 7, 2024/01/08, 09:07:44.448, 16411804201189, vstest.console.dll, TcpClientExtensions.MessageLoopAsync: Polling on remoteEndPoint: 127.0.0.1:56188 localEndPoint: 127.0.0.1:56187
TpTrace Verbose: 0 : 46068, 4, 2024/01/08, 09:07:44.448, 16411804201421, vstest.console.dll, MulticastDelegateUtilities.SafeInvoke: InternalTestLoggerEvents.SendTestRunMessage: Invoking callback 1/1 for Microsoft.VisualStudio.TestPlatform.CommandLine.Internal.ConsoleLogger., took 0 ms.
TpTrace Verbose: 0 : 46068, 7, 2024/01/08, 09:07:44.448, 16411804202605, vstest.console.dll, TcpClientExtensions.MessageLoopAsync: NotifyDataAvailable remoteEndPoint: 127.0.0.1:56188 localEndPoint: 127.0.0.1:56187
TpTrace Verbose: 0 : 46068, 7, 2024/01/08, 09:07:44.448, 16411804203250, vstest.console.dll, TestRequestSender.OnExecutionMessageReceived: Received message: {"Version":7,"MessageType":"TestSession.Message","Payload":{"MessageLevel":0,"Message":"[xUnit.net 00:00:00.49]            at FluentAssertions.Execution.XUnit2TestFramework.Throw(String message)"}}
TpTrace Verbose: 0 : 46068, 7, 2024/01/08, 09:07:44.448, 16411804203900, vstest.console.dll, TestRunRequest:SendTestRunMessage: Starting.
TpTrace Verbose: 0 : 46068, 7, 2024/01/08, 09:07:44.448, 16411804204304, vstest.console.dll, MulticastDelegateUtilities.SafeInvoke: TestRun.LogMessages: Invoking callback 1/1 for Microsoft.VisualStudio.TestPlatform.CommandLine.TestRunResultAggregator., took 0 ms.
TpTrace Verbose: 0 : 46068, 4, 2024/01/08, 09:07:44.448, 16411804204435, vstest.console.dll, MulticastDelegateUtilities.SafeInvoke: InternalTestLoggerEvents.SendTestRunMessage: Invoking callback 1/1 for Microsoft.VisualStudio.TestPlatform.CommandLine.Internal.ConsoleLogger., took 0 ms.
TpTrace Information: 0 : 46068, 7, 2024/01/08, 09:07:44.448, 16411804204554, vstest.console.dll, TestRunRequest:SendTestRunMessage: Completed.
TpTrace Verbose: 0 : 46068, 7, 2024/01/08, 09:07:44.448, 16411804205619, vstest.console.dll, MulticastDelegateUtilities.SafeInvoke: LengthPrefixCommunicationChannel: MessageReceived: Invoking callback 1/1 for Microsoft.VisualStudio.TestPlatform.CommunicationUtilities.TestRequestSender+<>c__DisplayClass34_0., took 0 ms.
TpTrace Verbose: 0 : 46068, 7, 2024/01/08, 09:07:44.448, 16411804205888, vstest.console.dll, TcpClientExtensions.MessageLoopAsync: Polling on remoteEndPoint: 127.0.0.1:56188 localEndPoint: 127.0.0.1:56187
TpTrace Verbose: 0 : 46068, 7, 2024/01/08, 09:07:44.448, 16411804206229, vstest.console.dll, TcpClientExtensions.MessageLoopAsync: NotifyDataAvailable remoteEndPoint: 127.0.0.1:56188 localEndPoint: 127.0.0.1:56187
TpTrace Verbose: 0 : 46068, 7, 2024/01/08, 09:07:44.448, 16411804206691, vstest.console.dll, TestRequestSender.OnExecutionMessageReceived: Received message: {"Version":7,"MessageType":"TestSession.Message","Payload":{"MessageLevel":0,"Message":"[xUnit.net 00:00:00.49]            at FluentAssertions.Execution.TestFrameworkProvider.Throw(String message)"}}
TpTrace Verbose: 0 : 46068, 7, 2024/01/08, 09:07:44.448, 16411804207272, vstest.console.dll, TestRunRequest:SendTestRunMessage: Starting.
TpTrace Verbose: 0 : 46068, 7, 2024/01/08, 09:07:44.448, 16411804207634, vstest.console.dll, MulticastDelegateUtilities.SafeInvoke: TestRun.LogMessages: Invoking callback 1/1 for Microsoft.VisualStudio.TestPlatform.CommandLine.TestRunResultAggregator., took 0 ms.
TpTrace Verbose: 0 : 46068, 4, 2024/01/08, 09:07:44.448, 16411804207749, vstest.console.dll, MulticastDelegateUtilities.SafeInvoke: InternalTestLoggerEvents.SendTestRunMessage: Invoking callback 1/1 for Microsoft.VisualStudio.TestPlatform.CommandLine.Internal.ConsoleLogger., took 0 ms.
TpTrace Information: 0 : 46068, 7, 2024/01/08, 09:07:44.448, 16411804207884, vstest.console.dll, TestRunRequest:SendTestRunMessage: Completed.
TpTrace Verbose: 0 : 46068, 7, 2024/01/08, 09:07:44.449, 16411804208924, vstest.console.dll, MulticastDelegateUtilities.SafeInvoke: LengthPrefixCommunicationChannel: MessageReceived: Invoking callback 1/1 for Microsoft.VisualStudio.TestPlatform.CommunicationUtilities.TestRequestSender+<>c__DisplayClass34_0., took 0 ms.
TpTrace Verbose: 0 : 46068, 7, 2024/01/08, 09:07:44.449, 16411804209422, vstest.console.dll, TcpClientExtensions.MessageLoopAsync: Polling on remoteEndPoint: 127.0.0.1:56188 localEndPoint: 127.0.0.1:56187
TpTrace Verbose: 0 : 46068, 7, 2024/01/08, 09:07:44.449, 16411804209858, vstest.console.dll, TcpClientExtensions.MessageLoopAsync: NotifyDataAvailable remoteEndPoint: 127.0.0.1:56188 localEndPoint: 127.0.0.1:56187
TpTrace Verbose: 0 : 46068, 7, 2024/01/08, 09:07:44.449, 16411804210403, vstest.console.dll, TestRequestSender.OnExecutionMessageReceived: Received message: {"Version":7,"MessageType":"TestSession.Message","Payload":{"MessageLevel":0,"Message":"[xUnit.net 00:00:00.49]            at FluentAssertions.Execution.DefaultAssertionStrategy.HandleFailure(String message)"}}
TpTrace Verbose: 0 : 46068, 7, 2024/01/08, 09:07:44.449, 16411804211129, vstest.console.dll, TestRunRequest:SendTestRunMessage: Starting.
TpTrace Verbose: 0 : 46068, 7, 2024/01/08, 09:07:44.449, 16411804211550, vstest.console.dll, MulticastDelegateUtilities.SafeInvoke: TestRun.LogMessages: Invoking callback 1/1 for Microsoft.VisualStudio.TestPlatform.CommandLine.TestRunResultAggregator., took 0 ms.
TpTrace Verbose: 0 : 46068, 4, 2024/01/08, 09:07:44.449, 16411804211626, vstest.console.dll, MulticastDelegateUtilities.SafeInvoke: InternalTestLoggerEvents.SendTestRunMessage: Invoking callback 1/1 for Microsoft.VisualStudio.TestPlatform.CommandLine.Internal.ConsoleLogger., took 0 ms.
TpTrace Information: 0 : 46068, 7, 2024/01/08, 09:07:44.449, 16411804211840, vstest.console.dll, TestRunRequest:SendTestRunMessage: Completed.
TpTrace Verbose: 0 : 46068, 7, 2024/01/08, 09:07:44.449, 16411804213469, vstest.console.dll, MulticastDelegateUtilities.SafeInvoke: LengthPrefixCommunicationChannel: MessageReceived: Invoking callback 1/1 for Microsoft.VisualStudio.TestPlatform.CommunicationUtilities.TestRequestSender+<>c__DisplayClass34_0., took 0 ms.
TpTrace Verbose: 0 : 46068, 7, 2024/01/08, 09:07:44.449, 16411804213771, vstest.console.dll, TcpClientExtensions.MessageLoopAsync: Polling on remoteEndPoint: 127.0.0.1:56188 localEndPoint: 127.0.0.1:56187
TpTrace Verbose: 0 : 46068, 7, 2024/01/08, 09:07:44.449, 16411804214145, vstest.console.dll, TcpClientExtensions.MessageLoopAsync: NotifyDataAvailable remoteEndPoint: 127.0.0.1:56188 localEndPoint: 127.0.0.1:56187
TpTrace Verbose: 0 : 46068, 7, 2024/01/08, 09:07:44.449, 16411804215137, vstest.console.dll, TestRequestSender.OnExecutionMessageReceived: Received message: {"Version":7,"MessageType":"TestSession.Message","Payload":{"MessageLevel":0,"Message":"[xUnit.net 00:00:00.49]            at FluentAssertions.Execution.AssertionScope.FailWith(Func`1 failReasonFunc)"}}
TpTrace Verbose: 0 : 46068, 7, 2024/01/08, 09:07:44.449, 16411804216038, vstest.console.dll, TestRunRequest:SendTestRunMessage: Starting.
TpTrace Verbose: 0 : 46068, 7, 2024/01/08, 09:07:44.449, 16411804216530, vstest.console.dll, MulticastDelegateUtilities.SafeInvoke: TestRun.LogMessages: Invoking callback 1/1 for Microsoft.VisualStudio.TestPlatform.CommandLine.TestRunResultAggregator., took 0 ms.
TpTrace Verbose: 0 : 46068, 4, 2024/01/08, 09:07:44.449, 16411804216584, vstest.console.dll, MulticastDelegateUtilities.SafeInvoke: InternalTestLoggerEvents.SendTestRunMessage: Invoking callback 1/1 for Microsoft.VisualStudio.TestPlatform.CommandLine.Internal.ConsoleLogger., took 0 ms.
TpTrace Information: 0 : 46068, 7, 2024/01/08, 09:07:44.449, 16411804216854, vstest.console.dll, TestRunRequest:SendTestRunMessage: Completed.
TpTrace Verbose: 0 : 46068, 7, 2024/01/08, 09:07:44.449, 16411804217557, vstest.console.dll, MulticastDelegateUtilities.SafeInvoke: LengthPrefixCommunicationChannel: MessageReceived: Invoking callback 1/1 for Microsoft.VisualStudio.TestPlatform.CommunicationUtilities.TestRequestSender+<>c__DisplayClass34_0., took 0 ms.
TpTrace Verbose: 0 : 46068, 7, 2024/01/08, 09:07:44.449, 16411804217836, vstest.console.dll, TcpClientExtensions.MessageLoopAsync: Polling on remoteEndPoint: 127.0.0.1:56188 localEndPoint: 127.0.0.1:56187
TpTrace Verbose: 0 : 46068, 7, 2024/01/08, 09:07:44.449, 16411804218261, vstest.console.dll, TcpClientExtensions.MessageLoopAsync: NotifyDataAvailable remoteEndPoint: 127.0.0.1:56188 localEndPoint: 127.0.0.1:56187
TpTrace Verbose: 0 : 46068, 7, 2024/01/08, 09:07:44.450, 16411804218812, vstest.console.dll, TestRequestSender.OnExecutionMessageReceived: Received message: {"Version":7,"MessageType":"TestSession.Message","Payload":{"MessageLevel":0,"Message":"[xUnit.net 00:00:00.49]            at FluentAssertions.Execution.AssertionScope.FailWith(Func`1 failReasonFunc)"}}
TpTrace Verbose: 0 : 46068, 7, 2024/01/08, 09:07:44.450, 16411804219437, vstest.console.dll, TestRunRequest:SendTestRunMessage: Starting.
TpTrace Verbose: 0 : 46068, 7, 2024/01/08, 09:07:44.450, 16411804219822, vstest.console.dll, MulticastDelegateUtilities.SafeInvoke: TestRun.LogMessages: Invoking callback 1/1 for Microsoft.VisualStudio.TestPlatform.CommandLine.TestRunResultAggregator., took 0 ms.
TpTrace Verbose: 0 : 46068, 4, 2024/01/08, 09:07:44.450, 16411804219900, vstest.console.dll, MulticastDelegateUtilities.SafeInvoke: InternalTestLoggerEvents.SendTestRunMessage: Invoking callback 1/1 for Microsoft.VisualStudio.TestPlatform.CommandLine.Internal.ConsoleLogger., took 0 ms.
TpTrace Information: 0 : 46068, 7, 2024/01/08, 09:07:44.450, 16411804220113, vstest.console.dll, TestRunRequest:SendTestRunMessage: Completed.
TpTrace Verbose: 0 : 46068, 7, 2024/01/08, 09:07:44.450, 16411804221209, vstest.console.dll, MulticastDelegateUtilities.SafeInvoke: LengthPrefixCommunicationChannel: MessageReceived: Invoking callback 1/1 for Microsoft.VisualStudio.TestPlatform.CommunicationUtilities.TestRequestSender+<>c__DisplayClass34_0., took 0 ms.
TpTrace Verbose: 0 : 46068, 7, 2024/01/08, 09:07:44.450, 16411804221479, vstest.console.dll, TcpClientExtensions.MessageLoopAsync: Polling on remoteEndPoint: 127.0.0.1:56188 localEndPoint: 127.0.0.1:56187
TpTrace Verbose: 0 : 46068, 7, 2024/01/08, 09:07:44.450, 16411804221862, vstest.console.dll, TcpClientExtensions.MessageLoopAsync: NotifyDataAvailable remoteEndPoint: 127.0.0.1:56188 localEndPoint: 127.0.0.1:56187
TpTrace Verbose: 0 : 46068, 7, 2024/01/08, 09:07:44.450, 16411804222324, vstest.console.dll, TestRequestSender.OnExecutionMessageReceived: Received message: {"Version":7,"MessageType":"TestSession.Message","Payload":{"MessageLevel":0,"Message":"[xUnit.net 00:00:00.49]            at FluentAssertions.Execution.AssertionScope.FailWith(String message, Object[] args)"}}
TpTrace Verbose: 0 : 46068, 7, 2024/01/08, 09:07:44.450, 16411804222940, vstest.console.dll, TestRunRequest:SendTestRunMessage: Starting.
TpTrace Verbose: 0 : 46068, 7, 2024/01/08, 09:07:44.450, 16411804223343, vstest.console.dll, MulticastDelegateUtilities.SafeInvoke: TestRun.LogMessages: Invoking callback 1/1 for Microsoft.VisualStudio.TestPlatform.CommandLine.TestRunResultAggregator., took 0 ms.
TpTrace Verbose: 0 : 46068, 4, 2024/01/08, 09:07:44.450, 16411804223434, vstest.console.dll, MulticastDelegateUtilities.SafeInvoke: InternalTestLoggerEvents.SendTestRunMessage: Invoking callback 1/1 for Microsoft.VisualStudio.TestPlatform.CommandLine.Internal.ConsoleLogger., took 0 ms.
TpTrace Information: 0 : 46068, 7, 2024/01/08, 09:07:44.450, 16411804223829, vstest.console.dll, TestRunRequest:SendTestRunMessage: Completed.
TpTrace Verbose: 0 : 46068, 7, 2024/01/08, 09:07:44.450, 16411804224151, vstest.console.dll, MulticastDelegateUtilities.SafeInvoke: LengthPrefixCommunicationChannel: MessageReceived: Invoking callback 1/1 for Microsoft.VisualStudio.TestPlatform.CommunicationUtilities.TestRequestSender+<>c__DisplayClass34_0., took 0 ms.
TpTrace Verbose: 0 : 46068, 7, 2024/01/08, 09:07:44.450, 16411804224383, vstest.console.dll, TcpClientExtensions.MessageLoopAsync: Polling on remoteEndPoint: 127.0.0.1:56188 localEndPoint: 127.0.0.1:56187
TpTrace Verbose: 0 : 46068, 7, 2024/01/08, 09:07:44.450, 16411804224742, vstest.console.dll, TcpClientExtensions.MessageLoopAsync: NotifyDataAvailable remoteEndPoint: 127.0.0.1:56188 localEndPoint: 127.0.0.1:56187
TpTrace Verbose: 0 : 46068, 7, 2024/01/08, 09:07:44.450, 16411804225207, vstest.console.dll, TestRequestSender.OnExecutionMessageReceived: Received message: {"Version":7,"MessageType":"TestSession.Message","Payload":{"MessageLevel":0,"Message":"[xUnit.net 00:00:00.49]            at FluentAssertions.Primitives.BooleanAssertions`1.BeFalse(String because, Object[] becauseArgs)"}}
TpTrace Verbose: 0 : 46068, 7, 2024/01/08, 09:07:44.450, 16411804226120, vstest.console.dll, TestRunRequest:SendTestRunMessage: Starting.
TpTrace Verbose: 0 : 46068, 7, 2024/01/08, 09:07:44.450, 16411804226677, vstest.console.dll, MulticastDelegateUtilities.SafeInvoke: TestRun.LogMessages: Invoking callback 1/1 for Microsoft.VisualStudio.TestPlatform.CommandLine.TestRunResultAggregator., took 0 ms.
TpTrace Verbose: 0 : 46068, 4, 2024/01/08, 09:07:44.450, 16411804226709, vstest.console.dll, MulticastDelegateUtilities.SafeInvoke: InternalTestLoggerEvents.SendTestRunMessage: Invoking callback 1/1 for Microsoft.VisualStudio.TestPlatform.CommandLine.Internal.ConsoleLogger., took 0 ms.
TpTrace Information: 0 : 46068, 7, 2024/01/08, 09:07:44.450, 16411804226975, vstest.console.dll, TestRunRequest:SendTestRunMessage: Completed.
TpTrace Verbose: 0 : 46068, 7, 2024/01/08, 09:07:44.450, 16411804227618, vstest.console.dll, MulticastDelegateUtilities.SafeInvoke: LengthPrefixCommunicationChannel: MessageReceived: Invoking callback 1/1 for Microsoft.VisualStudio.TestPlatform.CommunicationUtilities.TestRequestSender+<>c__DisplayClass34_0., took 0 ms.
TpTrace Verbose: 0 : 46068, 7, 2024/01/08, 09:07:44.450, 16411804227860, vstest.console.dll, TcpClientExtensions.MessageLoopAsync: Polling on remoteEndPoint: 127.0.0.1:56188 localEndPoint: 127.0.0.1:56187
TpTrace Verbose: 0 : 46068, 7, 2024/01/08, 09:07:44.450, 16411804228299, vstest.console.dll, TcpClientExtensions.MessageLoopAsync: NotifyDataAvailable remoteEndPoint: 127.0.0.1:56188 localEndPoint: 127.0.0.1:56187
TpTrace Verbose: 0 : 46068, 7, 2024/01/08, 09:07:44.451, 16411804228779, vstest.console.dll, TestRequestSender.OnExecutionMessageReceived: Received message: {"Version":7,"MessageType":"TestSession.Message","Payload":{"MessageLevel":0,"Message":"[xUnit.net 00:00:00.49]         C:\\Users\\CGardiner\\Documents\\Data_Structures_And_Algorithms_Proof\\AlgoWorld\\AlgoWorld\\AlgoWorldTestProject\\FirstAlgorithmRunnerTests.cs(14,0): at AlgoWorldTestProject.FirstAlgorithmRunnerTests.ShouldReturnFalseInNormalRun()"}}
TpTrace Verbose: 0 : 46068, 7, 2024/01/08, 09:07:44.451, 16411804229365, vstest.console.dll, TestRunRequest:SendTestRunMessage: Starting.
TpTrace Verbose: 0 : 46068, 7, 2024/01/08, 09:07:44.451, 16411804229724, vstest.console.dll, MulticastDelegateUtilities.SafeInvoke: TestRun.LogMessages: Invoking callback 1/1 for Microsoft.VisualStudio.TestPlatform.CommandLine.TestRunResultAggregator., took 0 ms.
TpTrace Verbose: 0 : 46068, 4, 2024/01/08, 09:07:44.451, 16411804229920, vstest.console.dll, MulticastDelegateUtilities.SafeInvoke: InternalTestLoggerEvents.SendTestRunMessage: Invoking callback 1/1 for Microsoft.VisualStudio.TestPlatform.CommandLine.Internal.ConsoleLogger., took 0 ms.
TpTrace Information: 0 : 46068, 7, 2024/01/08, 09:07:44.451, 16411804230010, vstest.console.dll, TestRunRequest:SendTestRunMessage: Completed.
TpTrace Verbose: 0 : 46068, 7, 2024/01/08, 09:07:44.451, 16411804230754, vstest.console.dll, MulticastDelegateUtilities.SafeInvoke: LengthPrefixCommunicationChannel: MessageReceived: Invoking callback 1/1 for Microsoft.VisualStudio.TestPlatform.CommunicationUtilities.TestRequestSender+<>c__DisplayClass34_0., took 0 ms.
TpTrace Verbose: 0 : 46068, 7, 2024/01/08, 09:07:44.451, 16411804230984, vstest.console.dll, TcpClientExtensions.MessageLoopAsync: Polling on remoteEndPoint: 127.0.0.1:56188 localEndPoint: 127.0.0.1:56187
TpTrace Verbose: 0 : 46068, 7, 2024/01/08, 09:07:44.452, 16411804240305, vstest.console.dll, TcpClientExtensions.MessageLoopAsync: NotifyDataAvailable remoteEndPoint: 127.0.0.1:56188 localEndPoint: 127.0.0.1:56187
TpTrace Verbose: 0 : 46068, 7, 2024/01/08, 09:07:44.452, 16411804241490, vstest.console.dll, TestRequestSender.OnExecutionMessageReceived: Received message: {"Version":7,"MessageType":"TestSession.Message","Payload":{"MessageLevel":0,"Message":"[xUnit.net 00:00:00.49]   Finished:    AlgoWorldTestProject"}}
TpTrace Verbose: 0 : 46068, 7, 2024/01/08, 09:07:44.452, 16411804242551, vstest.console.dll, TestRunRequest:SendTestRunMessage: Starting.
TpTrace Verbose: 0 : 46068, 7, 2024/01/08, 09:07:44.452, 16411804242837, vstest.console.dll, MulticastDelegateUtilities.SafeInvoke: TestRun.LogMessages: Invoking callback 1/1 for Microsoft.VisualStudio.TestPlatform.CommandLine.TestRunResultAggregator., took 0 ms.
TpTrace Information: 0 : 46068, 7, 2024/01/08, 09:07:44.452, 16411804242994, vstest.console.dll, TestRunRequest:SendTestRunMessage: Completed.
TpTrace Verbose: 0 : 46068, 7, 2024/01/08, 09:07:44.452, 16411804243115, vstest.console.dll, MulticastDelegateUtilities.SafeInvoke: LengthPrefixCommunicationChannel: MessageReceived: Invoking callback 1/1 for Microsoft.VisualStudio.TestPlatform.CommunicationUtilities.TestRequestSender+<>c__DisplayClass34_0., took 0 ms.
TpTrace Verbose: 0 : 46068, 7, 2024/01/08, 09:07:44.452, 16411804243304, vstest.console.dll, TcpClientExtensions.MessageLoopAsync: Polling on remoteEndPoint: 127.0.0.1:56188 localEndPoint: 127.0.0.1:56187
TpTrace Verbose: 0 : 46068, 4, 2024/01/08, 09:07:44.452, 16411804243084, vstest.console.dll, MulticastDelegateUtilities.SafeInvoke: InternalTestLoggerEvents.SendTestRunMessage: Invoking callback 1/1 for Microsoft.VisualStudio.TestPlatform.CommandLine.Internal.ConsoleLogger., took 0 ms.
TpTrace Verbose: 0 : 46068, 7, 2024/01/08, 09:07:44.482, 16411804545971, vstest.console.dll, TcpClientExtensions.MessageLoopAsync: NotifyDataAvailable remoteEndPoint: 127.0.0.1:56188 localEndPoint: 127.0.0.1:56187
TpTrace Verbose: 0 : 46068, 7, 2024/01/08, 09:07:44.483, 16411804548761, vstest.console.dll, TestRequestSender.OnExecutionMessageReceived: Received message: {"Version":7,"MessageType":"TestExecution.Completed","Payload":{"TestRunCompleteArgs":{"TestRunStatistics":{"ExecutedTests":2,"Stats":{"Failed":2}},"IsCanceled":false,"IsAborted":false,"Error":null,"AttachmentSets":[],"InvokedDataCollectors":[],"ElapsedTimeInRunningTests":"00:00:00.5076044","Metrics":{},"DiscoveredExtensions":{"TestDiscoverers":["Xunit.Runner.VisualStudio.VsTestRunner, xunit.runner.visualstudio.dotnetcore.testadapter, Version=2.4.0.0, Culture=neutral, PublicKeyToken=8d05b1bb7a6fdb6c"],"TestExecutors":["executor://xunit/VsTestRunner2/netcoreapp"],"TestExecutors2":[],"TestSettingsProviders":[]}},"LastRunTests":{"NewTestResults":[{"TestCase":{"Id":"b05874c5-7c36-17e5-3c57-8c1874dc77d8","FullyQualifiedName":"AlgoWorldTestProject.FirstAlgorithmRunnerTests.ShouldReturnTrueWhenThereAreDuplicateNames","DisplayName":"AlgoWorldTestProject.FirstAlgorithmRunnerTests.ShouldReturnTrueWhenThereAreDuplicateNames","ExecutorUri":"executor://xunit/VsTestRunner2/netcoreapp","Source":"C:\\Users\\CGardiner\\Documents\\Data_Structures_And_Algorithms_Proof\\AlgoWorld\\AlgoWorld\\AlgoWorldTestProject\\bin\\Debug\\fine-code-coverage-net6.0\\AlgoWorldTestProject.dll","CodeFilePath":null,"LineNumber":0,"Properties":[]},"Attachments":[],"Outcome":2,"ErrorMessage":"Expected value to be true, but found False.","ErrorStackTrace":"   at FluentAssertions.Execution.XUnit2TestFramework.Throw(String message)\r\n   at FluentAssertions.Execution.TestFrameworkProvider.Throw(String message)\r\n   at FluentAssertions.Execution.DefaultAssertionStrategy.HandleFailure(String message)\r\n   at FluentAssertions.Execution.AssertionScope.FailWith(Func`1 failReasonFunc)\r\n   at FluentAssertions.Execution.AssertionScope.FailWith(Func`1 failReasonFunc)\r\n   at FluentAssertions.Execution.AssertionScope.FailWith(String message, Object[] args)\r\n   at FluentAssertions.Primitives.BooleanAssertions`1.BeTrue(String because, Object[] becauseArgs)\r\n   at AlgoWorldTestProject.FirstAlgorithmRunnerTests.ShouldReturnTrueWhenThereAreDuplicateNames() in C:\\Users\\CGardiner\\Documents\\Data_Structures_And_Algorithms_Proof\\AlgoWorld\\AlgoWorld\\AlgoWorldTestProject\\FirstAlgorithmRunnerTests.cs:line 27","DisplayName":"AlgoWorldTestProject.FirstAlgorithmRunnerTests.ShouldReturnTrueWhenThereAreDuplicateNames","Messages":[],"ComputerName":"ND52084","Duration":"00:00:00.1198490","StartTime":"2024-01-08T09:07:44.4307128+00:00","EndTime":"2024-01-08T09:07:44.4307257+00:00","Properties":[]},{"TestCase":{"Id":"310c887a-2873-ed14-1bbe-d2e8a351c489","FullyQualifiedName":"AlgoWorldTestProject.FirstAlgorithmRunnerTests.ShouldReturnFalseInNormalRun","DisplayName":"AlgoWorldTestProject.FirstAlgorithmRunnerTests.ShouldReturnFalseInNormalRun","ExecutorUri":"executor://xunit/VsTestRunner2/netcoreapp","Source":"C:\\Users\\CGardiner\\Documents\\Data_Structures_And_Algorithms_Proof\\AlgoWorld\\AlgoWorld\\AlgoWorldTestProject\\bin\\Debug\\fine-code-coverage-net6.0\\AlgoWorldTestProject.dll","CodeFilePath":null,"LineNumber":0,"Properties":[]},"Attachments":[],"Outcome":2,"ErrorMessage":"Expected value to be false, but found True.","ErrorStackTrace":"   at FluentAssertions.Execution.XUnit2TestFramework.Throw(String message)\r\n   at FluentAssertions.Execution.TestFrameworkProvider.Throw(String message)\r\n   at FluentAssertions.Execution.DefaultAssertionStrategy.HandleFailure(String message)\r\n   at FluentAssertions.Execution.AssertionScope.FailWith(Func`1 failReasonFunc)\r\n   at FluentAssertions.Execution.AssertionScope.FailWith(Func`1 failReasonFunc)\r\n   at FluentAssertions.Execution.AssertionScope.FailWith(String message, Object[] args)\r\n   at FluentAssertions.Primitives.BooleanAssertions`1.BeFalse(String because, Object[] becauseArgs)\r\n   at AlgoWorldTestProject.FirstAlgorithmRunnerTests.ShouldReturnFalseInNormalRun() in C:\\Users\\CGardiner\\Documents\\Data_Structures_And_Algorithms_Proof\\AlgoWorld\\AlgoWorld\\AlgoWorldTestProject\\FirstAlgorithmRunnerTests.cs:line 14","DisplayName":"AlgoWorldTestProject.FirstAlgorithmRunnerTests.ShouldReturnFalseInNormalRun","Messages":[],"ComputerName":"ND52084","Duration":"00:00:00.0025223","StartTime":"2024-01-08T09:07:44.449102+00:00","EndTime":"2024-01-08T09:07:44.4491021+00:00","Properties":[]}],"TestRunStatistics":{"ExecutedTests":2,"Stats":{"Failed":2}},"ActiveTests":[]},"RunAttachments":[],"ExecutorUris":["executor://xunit/VsTestRunner2/netcoreapp"]}}
TpTrace Verbose: 0 : 46068, 7, 2024/01/08, 09:07:44.483, 16411804550215, vstest.console.dll, TestRequestSender.EndSession: Sending end session.
TpTrace Verbose: 0 : 46068, 7, 2024/01/08, 09:07:44.483, 16411804551758, vstest.console.dll, ProxyOperationManager.Close: waiting for test host to exit for 100 ms
TpTrace Verbose: 0 : 46068, 11, 2024/01/08, 09:07:44.528, 16411805000841, vstest.console.dll, TestHostManagerCallbacks.ctor: Experimental forwarding output is disabled.
TpTrace Warning: 0 : 46068, 11, 2024/01/08, 09:07:44.528, 16411805001787, vstest.console.dll, TestHostManagerCallbacks.ErrorReceivedCallback Test host standard error line: 
TpTrace Verbose: 0 : 46068, 11, 2024/01/08, 09:07:44.543, 16411805150142, vstest.console.dll, TestHostProvider.ExitCallBack: Host exited starting callback.
TpTrace Information: 0 : 46068, 11, 2024/01/08, 09:07:44.543, 16411805151575, vstest.console.dll, TestHostManagerCallbacks.ExitCallBack: Testhost processId: 20272 exited with exitcode: 0 error: ''
TpTrace Verbose: 0 : 46068, 11, 2024/01/08, 09:07:44.543, 16411805151823, vstest.console.dll, DotnetTestHostManager.OnHostExited: invoking OnHostExited callback
TpTrace Verbose: 0 : 46068, 11, 2024/01/08, 09:07:44.543, 16411805152095, vstest.console.dll, CrossPlatEngine.TestHostManagerHostExited: calling on client process exit callback.
TpTrace Information: 0 : 46068, 11, 2024/01/08, 09:07:44.543, 16411805152357, vstest.console.dll, TestRequestSender.OnClientProcessExit: Test host process exited. Standard error: 
TpTrace Information: 0 : 46068, 11, 2024/01/08, 09:07:44.543, 16411805152542, vstest.console.dll, SocketServer.Stop: Stop server endPoint: 127.0.0.1:56187
TpTrace Information: 0 : 46068, 11, 2024/01/08, 09:07:44.543, 16411805152663, vstest.console.dll, SocketServer.Stop: Cancellation requested. Stopping message loop.
TpTrace Information: 0 : 46068, 7, 2024/01/08, 09:07:44.543, 16411805152905, vstest.console.dll, SocketServer.Stop: Stop server endPoint: 127.0.0.1:56187
TpTrace Verbose: 0 : 46068, 11, 2024/01/08, 09:07:44.543, 16411805153211, vstest.console.dll, MulticastDelegateUtilities.SafeInvoke: HostProviderEvents.OnHostExited: Invoking callback 1/1 for Microsoft.VisualStudio.TestPlatform.CrossPlatEngine.Client.ProxyOperationManager., took 0 ms.
TpTrace Information: 0 : 46068, 7, 2024/01/08, 09:07:44.543, 16411805153302, vstest.console.dll, SocketServer.Stop: Cancellation requested. Stopping message loop.
TpTrace Information: 0 : 46068, 7, 2024/01/08, 09:07:44.543, 16411805153640, vstest.console.dll, Closing the connection
TpTrace Verbose: 0 : 46068, 7, 2024/01/08, 09:07:44.543, 16411805155031, vstest.console.dll, ProxyDataCollectionManager.InvokeDataCollectionServiceAction: Starting.
TpTrace Information: 0 : 46068, 7, 2024/01/08, 09:07:44.543, 16411805155250, vstest.console.dll, ProxyDataCollectionManager.AfterTestRunEnd: Get attachment set and invoked data collectors processId: 35888 port: 56184
TpTrace Verbose: 0 : 46068, 7, 2024/01/08, 09:07:44.543, 16411805155485, vstest.console.dll, DataCollectionRequestSender.SendAfterTestRunStartAndGetResult: Send AfterTestRunEnd message with isCancelled: False
TpTrace Verbose: 0 : 46068, 7, 2024/01/08, 09:07:44.548, 16411805207908, vstest.console.dll, DataCollectionRequestSender.SendAfterTestRunStartAndGetResult: Received message: (DataCollection.AfterTestRunEndResult) -> {"MessageType":"DataCollection.AfterTestRunEndResult","Payload":{"AttachmentSets":[],"InvokedDataCollectors":[{"Uri":"datacollector://Microsoft/TestPlatform/Extensions/Blame/v1","FriendlyName":"Blame","AssemblyQualifiedName":"Microsoft.TestPlatform.Extensions.BlameDataCollector.BlameCollector, Microsoft.TestPlatform.Extensions.BlameDataCollector, Version=15.0.0.0, Culture=neutral, PublicKeyToken=b03f5f7f11d50a3a","FilePath":"C:\\Program Files\\dotnet\\sdk\\7.0.404\\Extensions\\Microsoft.TestPlatform.Extensions.BlameDataCollector.dll","HasAttachmentProcessor":false}],"Metrics":{}}}
TpTrace Information: 0 : 46068, 7, 2024/01/08, 09:07:44.553, 16411805253255, vstest.console.dll, ProxyDataCollectionManager.InvokeDataCollectionServiceAction: Completed.
TpTrace Verbose: 0 : 46068, 7, 2024/01/08, 09:07:44.586, 16411805583216, vstest.console.dll, TestRunRequest:SendTestRunStatsChange: Starting.
TpTrace Verbose: 0 : 46068, 7, 2024/01/08, 09:07:44.586, 16411805585258, vstest.console.dll, MulticastDelegateUtilities.SafeInvoke: TestRun.RunStatsChanged: Invoking callbacks was skipped because there are no subscribers.
TpTrace Information: 0 : 46068, 7, 2024/01/08, 09:07:44.586, 16411805585516, vstest.console.dll, TestRunRequest:SendTestRunStatsChange: Completed.
TpTrace Verbose: 0 : 46068, 7, 2024/01/08, 09:07:44.586, 16411805587639, vstest.console.dll, ParallelProxyExecutionManager: HandlePartialRunComplete: Total workloads = 1, Total started clients = 1 Total completed clients = 1, Run complete = True, Run canceled: False.
TpTrace Verbose: 0 : 46068, 7, 2024/01/08, 09:07:44.586, 16411805587843, vstest.console.dll, ParallelProxyExecutionManager: HandlePartialRunComplete: All runs completed stopping all managers.
TpTrace Verbose: 0 : 46068, 7, 2024/01/08, 09:07:44.586, 16411805588006, vstest.console.dll, ParallelOperationManager.StopAllManagers: Stopping all managers.
TpTrace Verbose: 0 : 46068, 7, 2024/01/08, 09:07:44.586, 16411805588145, vstest.console.dll, ParallelOperationManager.ClearSlots: Clearing all slots. Slots should accept more work: False
TpTrace Verbose: 0 : 46068, 7, 2024/01/08, 09:07:44.586, 16411805588353, vstest.console.dll, ParallelOperationManager.SetOccupiedSlotCount: Setting slot counts AvailableSlotCount = 1, OccupiedSlotCount = 0.
TpTrace Verbose: 0 : 46068, 7, 2024/01/08, 09:07:44.586, 16411805588626, vstest.console.dll, Occupied slots:

TpTrace Verbose: 0 : 46068, 4, 2024/01/08, 09:07:44.588, 16411805598768, vstest.console.dll, MulticastDelegateUtilities.SafeInvoke: InternalTestLoggerEvents.SendTestResult: Invoking callback 1/1 for Microsoft.VisualStudio.TestPlatform.CommandLine.Internal.ConsoleLogger., took 1 ms.
TpTrace Verbose: 0 : 46068, 4, 2024/01/08, 09:07:44.588, 16411805601056, vstest.console.dll, MulticastDelegateUtilities.SafeInvoke: InternalTestLoggerEvents.SendTestResult: Invoking callback 1/1 for Microsoft.VisualStudio.TestPlatform.CommandLine.Internal.ConsoleLogger., took 0 ms.
TpTrace Verbose: 0 : 46068, 4, 2024/01/08, 09:07:44.592, 16411805640654, vstest.console.dll, MulticastDelegateUtilities.SafeInvoke: InternalTestLoggerEvents.SendTestRunComplete: Invoking callback 1/2 for Microsoft.TestPlatform.Extensions.BlameDataCollector.BlameLogger., took 0 ms.
TpTrace Verbose: 0 : 46068, 4, 2024/01/08, 09:07:44.595, 16411805672902, vstest.console.dll, MulticastDelegateUtilities.SafeInvoke: InternalTestLoggerEvents.SendTestRunComplete: Invoking callback 2/2 for Microsoft.VisualStudio.TestPlatform.CommandLine.Internal.ConsoleLogger., took 3 ms.
TpTrace Verbose: 0 : 46068, 7, 2024/01/08, 09:07:44.595, 16411805676526, vstest.console.dll, TestRunRequest:TestRunComplete: Starting. IsAborted:False IsCanceled:False.
TpTrace Verbose: 0 : 46068, 7, 2024/01/08, 09:07:44.595, 16411805677657, vstest.console.dll, ParallelOperationManager.DoActionOnAllManagers: Calling an action on all managers.
TpTrace Verbose: 0 : 46068, 7, 2024/01/08, 09:07:44.596, 16411805683164, vstest.console.dll, TestLoggerManager.HandleTestRunComplete: Ignoring as the object is disposed.
TpTrace Verbose: 0 : 46068, 7, 2024/01/08, 09:07:44.596, 16411805684677, vstest.console.dll, MulticastDelegateUtilities.SafeInvoke: TestRun.TestRunComplete: Invoking callback 1/2 for Microsoft.VisualStudio.TestPlatform.CommandLine.TestRunResultAggregator., took 0 ms.
TpTrace Verbose: 0 : 46068, 7, 2024/01/08, 09:07:44.596, 16411805685452, vstest.console.dll, MulticastDelegateUtilities.SafeInvoke: TestRun.TestRunComplete: Invoking callback 2/2 for Microsoft.VisualStudio.TestPlatform.CommandLine.Processors.RunTestsArgumentExecutor+TestRunRequestEventsRegistrar., took 0 ms.
TpTrace Information: 0 : 46068, 7, 2024/01/08, 09:07:44.596, 16411805685976, vstest.console.dll, TestRunRequest:TestRunComplete: Completed.
TpTrace Verbose: 0 : 46068, 7, 2024/01/08, 09:07:44.596, 16411805686140, vstest.console.dll, TestRequestSender.SetOperationComplete: Setting operation complete.
TpTrace Information: 0 : 46068, 7, 2024/01/08, 09:07:44.596, 16411805686257, vstest.console.dll, SocketServer.Stop: Stop server endPoint: 127.0.0.1:56187
TpTrace Information: 0 : 46068, 7, 2024/01/08, 09:07:44.596, 16411805686367, vstest.console.dll, SocketServer.Stop: Cancellation requested. Stopping message loop.
TpTrace Verbose: 0 : 46068, 7, 2024/01/08, 09:07:44.596, 16411805686511, vstest.console.dll, MulticastDelegateUtilities.SafeInvoke: LengthPrefixCommunicationChannel: MessageReceived: Invoking callback 1/1 for Microsoft.VisualStudio.TestPlatform.CommunicationUtilities.TestRequestSender+<>c__DisplayClass34_0., took 113 ms.
TpTrace Information: 0 : 46068, 7, 2024/01/08, 09:07:44.596, 16411805686697, vstest.console.dll, SocketServer.PrivateStop: Stopping server endPoint: 127.0.0.1:56187 error: 
TpTrace Verbose: 0 : 46068, 1, 2024/01/08, 09:07:44.596, 16411805686981, vstest.console.dll, TestRunRequest.Dispose: Starting.
TpTrace Information: 0 : 46068, 1, 2024/01/08, 09:07:44.596, 16411805687447, vstest.console.dll, TestRunRequest.Dispose: Completed.
TpTrace Information: 0 : 46068, 1, 2024/01/08, 09:07:44.596, 16411805687644, vstest.console.dll, TestRequestManager.RunTests: run tests completed.
TpTrace Information: 0 : 46068, 1, 2024/01/08, 09:07:44.596, 16411805688239, vstest.console.dll, RunTestsArgumentProcessor:Execute: Test run is completed.
TpTrace Verbose: 0 : 46068, 1, 2024/01/08, 09:07:44.597, 16411805689483, vstest.console.dll, Executor.Execute: Exiting with exit code of 1
TpTrace Verbose: 0 : 46068, 7, 2024/01/08, 09:07:44.597, 16411805690119, vstest.console.dll, LengthPrefixCommunicationChannel.Dispose: Dispose reader and writer.
TpTrace Information: 0 : 46068, 7, 2024/01/08, 09:07:44.597, 16411805690546, vstest.console.dll, SocketServer.Stop: Raise disconnected event endPoint: 127.0.0.1:56187 error: 
TpTrace Verbose: 0 : 46068, 7, 2024/01/08, 09:07:44.597, 16411805691065, vstest.console.dll, TestRequestSender: OnTestRunAbort: Operation is already complete. Skip error message.
TpTrace Verbose: 0 : 46068, 7, 2024/01/08, 09:07:44.597, 16411805691241, vstest.console.dll, MulticastDelegateUtilities.SafeInvoke: SocketServer: ClientDisconnected: Invoking callback 1/1 for Microsoft.VisualStudio.TestPlatform.CommunicationUtilities.TestRequestSender., took 0 ms.
TpTrace Verbose: 0 : 46068, 7, 2024/01/08, 09:07:44.597, 16411805691359, vstest.console.dll, TcpClientExtensions.MessageLoopAsync: exiting MessageLoopAsync remoteEndPoint: 127.0.0.1:56188 localEndPoint: 127.0.0.1:56187
